----system---- --total-cpu-usage-- -dsk/total- ------memory-usage----- ------tcp-sockets------- -net/total-
     time     |usr sys idl wai stl| read  writ| used  free  buff  cach|lis  act  syn  tim  clo | recv  send
17-06 05:18:29|  3   0  96   0   0|  68k  203k|1438M  291M  177M 5449M|  7    2    0    0    0 |   0     0 
17-06 05:18:30|  6   3  84   8   0|4096B 1756k|1440M  289M  177M 5449M|  7    6    0    0    0 |  15k   16k
17-06 05:18:31|  4   1  55  41   0|8192B 2956k|1433M  296M  177M 5449M|  7    4    0    0    0 |  24k   21k
17-06 05:18:32| 45  15  15  25   0| 784k 2224k|1571M  157M  177M 5450M|  7    4    0    0    0 | 540B 9190B
17-06 05:18:33| 63   7  30   0   0|  44k    0 |1707M  140M  170M 5339M|  7    4    0    0    0 | 468k  489k
17-06 05:18:34| 86  10   3   1   0| 252k  172k|1711M  136M  170M 5340M|  7    4    0    0    0 |1356k 1368k
17-06 05:18:35| 90  10   0   0   0| 416k  168k|1711M  150M  170M 5325M|  7    4    0    0    0 |1389k 1403k
17-06 05:18:36| 96   3   2   0   0| 632k    0 |1608M  253M  170M 5326M|  7    2    0    2    0 | 476k  486k
17-06 05:18:37| 76  11  12   0   0|   0   488k|1604M  258M  170M 5325M|  7    2    0    2    0 |2214k 2208k
17-06 05:18:38| 86   8   5   0   0|   0   164k|1618M  243M  170M 5325M|  7    2    0    2    0 |1403k 1408k
17-06 05:18:39| 84  14   2   0   0|   0     0 |1613M  251M  170M 5323M|  7    2    0    2    0 | 476k  496k
17-06 05:18:40| 84  12   4   0   0|   0   164k|1715M  149M  170M 5323M|  7    2    0    2    0 |1363k 1364k
17-06 05:18:41| 96   4   0   0   0|   0   168k|1623M  240M  170M 5323M|  7    2    0    2    0 |1370k 1374k
17-06 05:18:42| 94   6   0   0   0|   0   144k|1628M  235M  170M 5323M|  7    2    0    2    0 | 492k  505k
17-06 05:18:43| 89  11   0   0   0|   0     0 |1736M  144M  168M 5308M|  7    2    0    2    0 | 468k  489k
17-06 05:18:44| 91   5   3   0   0|   0   164k|1741M  139M  168M 5307M|  7    2    0    2    0 |1349k 1355k
17-06 05:18:45| 87  10   4   0   0|   0   164k|1649M  231M  168M 5307M|  7    2    0    2    0 |1369k 1370k
17-06 05:18:46| 92   8   0   0   0|   0     0 |1672M  261M  160M 5264M|  7    2    0    2    0 | 494k  507k
17-06 05:18:47| 94   6   0   0   0|   0   304k|1791M  142M  160M 5264M|  7    2    0    2    0 |1368k 1375k
17-06 05:18:48| 79  11  10   0   0|   0   164k|1780M  153M  160M 5265M|  7    2    0    2    0 |1331k 1335k
17-06 05:18:49| 84  11   5   0   0|   0   164k|1776M  157M  160M 5264M|  7    2    0    2    0 |1396k 1403k
17-06 05:18:50| 86   9   4   0   0| 264k  164k|1782M  156M  159M 5260M|  7    2    0    2    0 |1321k 1326k
17-06 05:18:51| 76   4  18   1   0| 196k  164k|1778M  160M  159M 5260M|  7    2    0    2    0 |1348k 1357k
17-06 05:18:52| 90   5   4   0   0|   0   272k|1788M  150M  159M 5260M|  7    2    0    2    0 |1399k 1408k
17-06 05:18:53| 86   8   6   0   0| 240k  168k|1690M  268M  159M 5241M|  7    2    0    2    0 |1359k 1368k
17-06 05:18:54| 80   8  12   1   0| 516k  164k|1802M  154M  159M 5242M|  7    2    0    2    0 |1358k 1370k
17-06 05:18:55| 80  14   7   0   0|   0   164k|1678M  278M  159M 5242M|  7    2    0    2    0 |1435k 1444k
17-06 05:18:56| 93   7   0   0   0|4096B    0 |1817M  140M  159M 5242M|  7    2    0    2    0 | 442k  456k
17-06 05:18:57| 92   8   0   0   0|   0   304k|1812M  144M  159M 5242M|  7    2    0    2    0 |1381k 1396k
17-06 05:18:58| 86  14   0   0   0|   0   164k|1812M  144M  159M 5242M|  7    2    0    2    0 |1346k 1361k
17-06 05:18:59| 96   4   0   0   0|   0  4096B|1720M  236M  159M 5242M|  7    2    0    2    0 | 489k  510k
17-06 05:19:00| 90  10   0   0   0|   0   164k|1828M  128M  159M 5242M|  7    2    0    2    0 |1370k 1379k
17-06 05:19:01| 92   8   0   0   0|  32k  164k|1829M  129M  159M 5240M|  7    2    0    2    0 |1313k 1319k
17-06 05:19:02| 90  10   0   0   0| 432k  688k|1826M  150M  158M 5222M|  7    2    0    2    0 |1376k 1385k
17-06 05:19:03| 96   4   0   0   0|  48k  908k|1722M  254M  158M 5223M|  7    2    0    2    0 |9412B   24k
17-06 05:19:04| 94   6   0   0   0|   0   164k|1722M  253M  158M 5223M|  7    2    0    2    0 | 895k  896k
17-06 05:19:05| 89  11   0   0   0|   0   168k|1819M  156M  158M 5223M|  7    2    0    2    0 | 944k  947k
17-06 05:19:06| 89   7   4   1   0|   0   164k|1723M  253M  158M 5223M|  7    2    0    2    0 | 938k  944k
17-06 05:19:07| 94   6   0   0   0|   0   144k|1833M  143M  158M 5223M|  7    2    0    2    0 |  22k   37k
17-06 05:19:08| 90  10   0   0   0|   0   632k|1829M  147M  158M 5223M|  7    2    0    2    0 | 900k  908k
17-06 05:19:09| 92   7   0   0   0|   0   164k|1825M  150M  158M 5223M|  7    2    0    2    0 | 916k  920k
17-06 05:19:10| 92   7   0   0   0|   0   164k|1829M  146M  158M 5223M|  7    2    0    2    0 | 895k  898k
17-06 05:19:11| 92   8   0   0   0|   0   168k|1828M  148M  158M 5223M|  7    2    0    2    0 | 928k  933k
17-06 05:19:12| 97   3   0   0   0|   0   276k|1732M  244M  158M 5223M|  7    2    0    2    0 | 890k  891k
17-06 05:19:13| 92   8   0   0   0|   0  4096B|1732M  243M  158M 5223M|  7    2    0    2    0 |  30k   41k
17-06 05:19:14| 82   9   8   0   0|   0   328k|1691M  284M  158M 5223M|  7    2    0    2    0 |1820k 1814k
17-06 05:19:15| 90  10   0   0   0|   0     0 |1831M  144M  158M 5223M|  7    2    0    2    0 |  36k   53k
17-06 05:19:16| 85   7   9   0   0|   0   164k|1720M  255M  158M 5223M|  7    2    0    2    0 | 888k  892k
17-06 05:19:17| 94   3   2   0   0|   0   284k|1720M  255M  158M 5223M|  7    2    0    2    0 | 936k  941k
17-06 05:19:18| 90  10   0   0   0|   0     0 |1724M  251M  158M 5223M|  7    2    0    2    0 |  16k   26k
17-06 05:19:19| 97   3   0   0   0|   0   164k|1724M  251M  158M 5223M|  7    2    0    2    0 | 918k  922k
17-06 05:19:20| 95   5   0   0   0|   0     0 |1724M  251M  158M 5223M|  7    2    0    2    0 |  54k   66k
17-06 05:19:21| 93   7   0   0   0|   0     0 |1725M  250M  158M 5223M|  7    2    0    2    0 |8325B   31k
17-06 05:19:22| 93   7   0   0   0|   0   256k|1832M  143M  158M 5223M|  7    2    0    2    0 | 925k  930k
17-06 05:19:23| 92   8   0   0   0|   0   168k|1829M  146M  158M 5223M|  7    2    0    2    0 |1219k 1243k
17-06 05:19:24| 90   9   0   0   0|   0   164k|1835M  140M  158M 5224M|  7    2    0    2    0 |1256k 1284k
17-06 05:19:25| 92   8   0   0   0| 220k  164k|1716M  276M  157M 5207M|  7    2    0    2    0 |1206k 1239k
17-06 05:19:26| 92   8   0   0   0|   0     0 |1711M  281M  157M 5207M|  7    2    0    2    0 | 343k  391k
17-06 05:19:27| 93   7   0   0   0|   0   276k|1847M  144M  157M 5208M|  7    2    0    2    0 |1239k 1278k
17-06 05:19:28| 90   6   4   0   0| 116k  164k|1828M  163M  157M 5208M|  7    2    0    2    0 |1244k 1266k
17-06 05:19:29| 91   9   0   0   0|   0   168k|1720M  271M  158M 5208M|  7    2    0    2    0 |1110k 1148k
17-06 05:19:30| 91   9   0   0   0|   0     0 |1720M  271M  158M 5208M|  7    2    0    2    0 |  51k   83k
17-06 05:19:31| 92   8   0   0   0|   0     0 |1857M  134M  158M 5208M|  7    2    0    2    0 |  30k   59k
17-06 05:19:32| 90  10   0   0   0| 248k  256k|1719M  292M  157M 5190M|  7    2    0    2    0 |  89k  138k
17-06 05:19:33| 90  10   0   0   0|   0  1180k|1718M  292M  157M 5190M|  7    2    0    2    0 |  27k   72k
17-06 05:19:34| 94   6   0   0   0|   0     0 |1718M  292M  157M 5190M|  7    2    0    2    0 |  46k   80k
17-06 05:19:35| 92   8   0   0   0|   0  4096B|1718M  292M  157M 5190M|  7    2    0    2    0 |  45k   95k
17-06 05:19:36| 90  10   0   0   0|   0     0 |1718M  292M  157M 5191M|  7    2    0    2    0 |  40k  116k
17-06 05:19:37| 90  10   0   0   0|  84k   52k|1747M  263M  157M 5191M|  7    2    0    2    0 |  25k  103k
17-06 05:19:38| 92   8   0   0   0|   0  1876k|1869M  141M  157M 5191M|  7    2    0    0    0 |  40k  115k
17-06 05:19:39| 90  10   0   0   0|   0   428k|1859M  151M  157M 5191M|  7    2    0    0    0 |  37k   94k
17-06 05:19:40| 91   9   0   0   0|   0   164k|1851M  159M  157M 5191M|  7    2    0    0    0 |  32k   65k
17-06 05:19:41| 93   6   0   0   0|   0   168k|1737M  272M  157M 5192M|  7    2    0    0    0 |  45k   82k
17-06 05:19:42| 92   8   0   0   0|   0    84k|1852M  157M  157M 5192M|  7    2    0    0    0 |  39k   88k
17-06 05:19:43| 92   8   0   0   0|   0   164k|1851M  158M  157M 5192M|  7    2    0    0    0 |  28k   72k
17-06 05:19:44| 90   9   0   0   0|   0   172k|1855M  155M  157M 5192M|  7    2    0    0    0 |  28k   63k
17-06 05:19:45| 87   9   4   0   0|   0   164k|1859M  150M  157M 5192M|  7    2    0    0    0 |  44k   89k
17-06 05:19:46| 77   7  16   1   0|   0   164k|1736M  273M  157M 5192M|  7    2    0    0    0 |  25k   91k
17-06 05:19:47| 92   5   3   0   0|   0   252k|1846M  163M  157M 5193M|  7    2    0    0    0 |  50k  102k
17-06 05:19:48| 91   9   0   0   0|   0   164k|1842M  167M  157M 5193M|  7    2    0    0    0 |  37k   79k
17-06 05:19:49| 87   9   4   0   0| 124k  164k|1847M  162M  157M 5193M|  7    2    0    0    0 |  36k   87k
17-06 05:19:50| 90  10   0   0   0|  12k  164k|1852M  157M  157M 5193M|  7    2    0    0    0 |  38k   84k
17-06 05:19:51| 73   8  19   1   0|   0   328k|1838M  170M  157M 5193M|  7    2    0    0    0 |  33k   72k
17-06 05:19:52| 86   5   8   1   0|   0   256k|1865M  143M  157M 5194M|  7    2    0    0    0 |  33k   69k
17-06 05:19:53| 90   5   4   0   0|   0   168k|1860M  148M  157M 5194M|  7    2    0    0    0 |  25k   34k
17-06 05:19:54| 92   6   3   0   0|   0   164k|1717M  291M  157M 5194M|  7    2    0    0    0 |  23k   32k
17-06 05:19:55| 82   8   8   0   0|   0   328k|1848M  160M  157M 5194M|  7    2    0    0    0 |  13k   26k
17-06 05:19:56| 94   6   0   0   0|   0   164k|1815M  193M  157M 5194M|  7    2    0    0    0 |  22k   52k
17-06 05:19:57| 93   7   0   0   0|   0   236k|1816M  192M  157M 5194M|  7    2    0    0    0 |  24k   31k
17-06 05:19:58| 90   6   4   1   0|   0   164k|1837M  171M  157M 5194M|  7    2    0    0    0 |  23k   43k
17-06 05:19:59| 94   6   0   0   0|   0   168k|1824M  184M  157M 5194M|  7    2    0    0    0 |  22k   53k
17-06 05:20:00| 88   6   6   0   0|   0   164k|1825M  183M  157M 5194M|  7    2    0    0    0 |  19k   44k
17-06 05:20:01| 90   6   4   0   0|   0   164k|1825M  183M  157M 5194M|  7    2    0    0    0 |  16k   39k
17-06 05:20:02| 91   9   0   0   0|   0   236k|1822M  186M  157M 5194M|  7    2    0    0    0 |  14k   40k
17-06 05:20:03| 86   6   8   0   0|   0   244k|1726M  281M  157M 5194M|  7    2    0    0    0 |8390B   20k
17-06 05:20:04| 86   9   5   0   0|   0  1568k|1853M  155M  157M 5194M|  7    2    0    0    0 |  20k   50k
17-06 05:20:05| 88   6   6   0   0|   0   164k|1846M  162M  157M 5194M|  7    3    0    0    0 |  18k   36k
17-06 05:20:06| 93   7   0   0   0|   0   168k|1844M  163M  157M 5194M|  7    2    0    0    0 |8598B   36k
17-06 05:20:07| 94   6   0   0   0|   0   164k|1855M  153M  157M 5194M|  7    2    0    0    0 |6038B   31k
17-06 05:20:08| 92   8   0   0   0|   0   236k|1844M  164M  157M 5194M|  7    2    0    0    0 |  12k   32k
17-06 05:20:09| 94   6   0   0   0|   0  2280k|1844M  164M  157M 5194M|  7    2    0    0    0 |8076B   36k
17-06 05:20:10| 92   8   0   0   0|   0   164k|1846M  162M  157M 5194M|  7    2    0    0    0 |8371B   31k
17-06 05:20:11| 88   8   5   0   0|   0   164k|1843M  165M  157M 5194M|  7    2    0    0    0 |  13k   39k
17-06 05:20:12| 87   7   6   0   0|   0   168k|1844M  164M  157M 5194M|  7    2    0    0    0 |  20k   39k
17-06 05:20:13| 88   7   4   1   0|  28k  260k|1845M  163M  157M 5194M|  7    2    0    0    0 |  24k   48k
17-06 05:20:14| 86   9   4   0   0|   0   164k|1820M  188M  157M 5194M|  7    2    0    0    0 |  25k   67k
17-06 05:20:15| 84   6  10   0   0|   0   164k|1727M  280M  157M 5195M|  7    2    0    0    0 |  28k   58k
17-06 05:20:16| 86   8   5   1   0|   0   328k|1828M  180M  157M 5195M|  7    2    0    0    0 |  22k   58k
17-06 05:20:17| 91   5   5   0   0|   0   164k|1825M  183M  157M 5195M|  7    2    0    0    0 |  26k   54k
17-06 05:20:18| 79   6  15   1   0|   0   232k|1815M  192M  157M 5195M|  7    2    0    0    0 |  31k   87k
17-06 05:20:19| 90   6   5   0   0|   0   164k|1827M  180M  157M 5195M|  7    2    0    0    0 |  24k   51k
17-06 05:20:20| 81   9  10   1   0|   0   328k|1812M  195M  157M 5195M|  7    2    0    0    0 |2215B   19k
17-06 05:20:21| 88   6   5   0   0|   0   164k|1834M  173M  157M 5195M|  7    2    0    0    0 |  17k   25k
17-06 05:20:22| 78   7  16   0   0| 164k  164k|1667M  340M  157M 5195M|  7    2    0    0    0 |  19k   33k
