----system---- --total-cpu-usage-- -dsk/total- ------memory-usage----- ------tcp-sockets------- -net/total-
     time     |usr sys idl wai stl| read  writ| used  free  buff  cach|lis  act  syn  tim  clo | recv  send
17-06 11:49:00|  6   1  91   2   0| 236k 1010k|2075M  830M  137M 4479M|  7    7    0    0    0 |   0     0 
17-06 11:49:01|  5   6  73  16   0|  20k 1280k|2093M  812M  137M 4479M|  7   10    0    0    0 |  15k   12k
17-06 11:49:02|  3   2  67  29   0|  20k 2320k|2078M  827M  137M 4479M|  7    9    0    0    0 |  12k   16k
17-06 11:49:03| 21   9  22  48   0|  21M 2516k|2108M  775M  137M 4500M|  7    9    0    0    0 | 264B 2910B
17-06 11:49:04| 54   9  36   1   0| 708k  128k|2342M  541M  137M 4501M|  7    9    0    0    0 | 351k  362k
17-06 11:49:05| 76   6  17   1   0|  88k  496k|2403M  479M  137M 4501M|  7    9    0    0    0 |1356k 1364k
17-06 11:49:06| 74   6  17   3   0|1252k  516k|2262M  619M  137M 4503M|  7    8    0    1    0 |1461k 1468k
17-06 11:49:07| 71   4  24   1   0|   0   580k|2371M  510M  137M 4503M|  7    7    0    2    0 |2193k 2191k
17-06 11:49:08| 72   6  21   1   0|   0   480k|2399M  481M  137M 4503M|  7    7    0    2    0 |1453k 1463k
17-06 11:49:09| 71   8  20   0   0|8192B 1004k|2433M  447M  137M 4503M|  7    7    0    2    0 |1449k 1453k
17-06 11:49:10| 85   3  12   0   0|  12k  304k|2455M  425M  137M 4503M|  7    7    0    2    0 |1364k 1375k
17-06 11:49:11| 79   3  17   2   0|8192B  552k|2326M  554M  137M 4503M|  7    7    0    2    0 |2162k 2163k
17-06 11:49:12| 71  10  19   1   0|4096B  128k|2518M  362M  137M 4503M|  7    7    0    2    0 | 635k  652k
17-06 11:49:13| 75   6  19   1   0|  48k  456k|2502M  377M  137M 4503M|  7    7    0    2    0 |2307k 2310k
17-06 11:49:14| 70   8  20   2   0|  16k  356k|2409M  471M  137M 4503M|  7    7    0    2    0 |1384k 1391k
17-06 11:49:15| 74   7  17   3   0|   0   728k|2523M  357M  137M 4503M|  7    7    0    2    0 |1367k 1373k
17-06 11:49:16| 80   2  17   0   0|   0   296k|2540M  339M  137M 4503M|  7    7    0    2    0 |1315k 1322k
17-06 11:49:17| 84   3  14   0   0| 120k  168k|2561M  319M  137M 4502M|  7    7    0    2    0 |1340k 1341k
17-06 11:49:18| 82   4  13   1   0|1268k  704k|2561M  318M  137M 4504M|  7    7    0    2    0 |2191k 2192k
17-06 11:49:19| 75   3  21   1   0| 808k  312k|2574M  303M  137M 4505M|  7    7    0    2    0 |1319k 1332k
17-06 11:49:20| 81   3  15   2   0| 184k  428k|2577M  299M  137M 4506M|  7    7    0    2    0 |1546k 1550k
17-06 11:49:21| 60  16  22   2   0| 172k 2128k|2496M  380M  137M 4506M|  7    7    0    2    0 |1519k 1526k
17-06 11:49:22| 72   9  18   1   0|   0   264k|2488M  387M  137M 4506M|  7    7    0    2    0 | 552k 1821k
17-06 11:49:23| 71   4  24   1   0|   0   464k|2613M  263M  137M 4506M|  7    7    0    2    0 |2137k 2138k
17-06 11:49:24| 84   2  13   0   0|   0   164k|2614M  262M  137M 4506M|  7    7    0    2    0 |1336k 1347k
17-06 11:49:25| 73   6  18   3   0| 128k  808k|2610M  265M  137M 4506M|  7    7    0    2    0 |2190k 2188k
17-06 11:49:26| 75   2  21   1   0|   0   316k|2610M  266M  137M 4506M|  7    7    0    2    0 |1339k 1352k
17-06 11:49:27| 79   6  14   1   0|   0   404k|2628M  247M  137M 4506M|  7    7    0    2    0 |1567k 1576k
17-06 11:49:28| 82   2  14   2   0|   0   272k|2505M  370M  137M 4507M|  7    7    0    2    0 |1379k 1385k
17-06 11:49:29| 46  24  30   1   0|   0   268k|2562M  313M  137M 4506M|  7    7    0    2    0 |1594k 1597k
17-06 11:49:30| 69   9  21   2   0|   0   328k|2567M  307M  137M 4506M|  7    7    0    2    0 |1032k 1043k
17-06 11:49:31| 70   5  23   2   0|   0   332k|2693M  182M  137M 4506M|  7    7    0    2    0 |1747k 1756k
17-06 11:49:32| 84   2  13   0   0|   0   620k|2707M  168M  137M 4507M|  7    7    0    2    0 |1336k 1342k
17-06 11:49:33| 75   3  15   7   0|  40k  996k|2596M  283M  137M 4502M|  7    7    0    2    0 |1284k 1294k
17-06 11:49:34| 61   4  22  14   0|   0  1684k|2704M  175M  137M 4502M|  7    7    0    2    1 |1846k 1840k
17-06 11:49:35| 78   4  18   1   0|   0   308k|2715M  164M  137M 4502M|  7    7    0    2    0 | 864k  871k
17-06 11:49:36| 74   4  19   3   0|   0   752k|2707M  172M  137M 4502M|  7    7    0    2    0 |1714k 1710k
17-06 11:49:37| 74   2  22   2   0|   0   288k|2725M  155M  137M 4501M|  7    7    0    2    0 | 918k  927k
17-06 11:49:38| 80   2  17   2   0|   0   268k|2625M  255M  137M 4501M|  7    7    0    2    0 | 860k  862k
17-06 11:49:39| 64  13  21   2   0|   0  2264k|2750M  137M  137M 4494M|  7    7    0    2    0 |1799k 1813k
17-06 11:49:40| 74   4  20   3   0|   0   320k|2624M  266M  137M 4490M|  7    7    0    2    0 | 926k  939k
17-06 11:49:41| 28  31  40   1   0|   0   320k|2686M  205M  137M 4490M|  7    7    0    2    0 |1247k 1259k
17-06 11:49:42| 77  11  13   0   0|  68k   68k|2658M  308M  135M 4417M|  7    7    0    2    0 | 494k  518k
17-06 11:49:43| 60   6  29   4   0|  52k  812k|2813M  152M  135M 4417M|  7    7    0    2    0 |1760k 1763k
17-06 11:49:44| 79   5  15   1   0|   0  2936k|2690M  281M  135M 4411M|  7    7    0    2    0 | 885k  898k
17-06 11:49:45| 61   8  27   3   0|   0   708k|2824M  149M  135M 4409M|  7    7    0    2    0 |1796k 1794k
17-06 11:49:46| 78   4  17   1   0|   0   728k|2824M  154M  135M 4405M|  7    7    0    2    0 | 888k  896k
17-06 11:49:47| 64   7  26   3   0|   0   672k|2805M  173M  135M 4404M|  7    7    0    2    0 |1718k 1720k
17-06 11:49:48| 78   4  18   1   0|   0   364k|2670M  309M  135M 4404M|  7    7    0    2    0 | 857k  865k
17-06 11:49:49| 60   8  31   2   0|   0   452k|2811M  167M  135M 4404M|  7    7    0    2    0 |1711k 1712k
17-06 11:49:50| 78   5  16   1   0|   0   296k|2684M  295M  135M 4404M|  7    7    0    2    0 | 892k  899k
17-06 11:49:51| 56  13  29   3   0|   0  1140k|2708M  270M  135M 4404M|  7    7    0    2    0 |1742k 1736k
17-06 11:49:52| 33  29  37   0   0|   0     0 |2755M  224M  135M 4404M|  7    7    0    2    0 |1038B   11k
17-06 11:49:53| 67  11  19   2   0|   0   556k|2720M  270M  135M 4393M|  7    7    0    2    0 |1571k 1583k
17-06 11:49:54| 34  31  33   2   0| 116k  716k|2730M  260M  135M 4393M|  7    7    0    2    0 | 230k  257k
17-06 11:49:55| 59  16  24   1   0|   0   192k|2849M  149M  135M 4384M|  7    7    0    2    0 | 637k  687k
17-06 11:49:56| 66   8  23   2   0|   0   728k|2855M  144M  135M 4385M|  7    7    0    2    0 |2132k 2162k
17-06 11:49:57| 74   8  17   1   0|   0   300k|2841M  161M  135M 4381M|  7    7    0    2    0 |1327k 1375k
17-06 11:49:58| 76   7  17   0   0|   0   164k|2735M  267M  135M 4381M|  7    7    0    2    0 |1199k 1236k
17-06 11:49:59| 61  13  24   2   0|  16k  460k|2726M  277M  135M 4380M|  7    7    0    2    0 |1340k 1399k
17-06 11:50:00| 63  14  21   2   0|   0   596k|2852M  151M  135M 4380M|  7    7    0    2    0 |2279k 2306k
17-06 11:50:01| 69   6  24   1   0|   0   704k|2851M  152M  135M 4380M|  7    7    0    2    0 | 933k  960k
17-06 11:50:02| 79   8  13   1   0|   0   328k|2736M  267M  135M 4380M|  7    7    0    2    0 | 961k  991k
17-06 11:50:03| 62   8  29   2   0|   0   476k|2847M  156M  135M 4379M|  7    7    0    2    0 |1793k 1815k
17-06 11:50:04| 77   4  18   0   0|   0   164k|2728M  275M  135M 4380M|  7    7    0    2    0 | 892k  894k
17-06 11:50:05| 64   8  28   1   0|   0   756k|2805M  199M  135M 4379M|  7    7    0    2    0 |1755k 1759k
17-06 11:50:06| 71   7  21   2   0|   0   500k|2768M  236M  135M 4379M|  7    7    0    2    0 |1743k 1738k
17-06 11:50:07| 68   6  26   0   0|   0   240k|2844M  160M  135M 4379M|  7    7    0    0    0 | 901k  908k
17-06 11:50:08| 55  21  24   1   0|   0   240k|2847M  156M  135M 4380M|  7    7    0    0    0 |1346k 1351k
17-06 11:50:09| 64   8  26   2   0|   0   536k|2830M  173M  135M 4380M|  7    7    0    0    0 |1330k 1335k
17-06 11:50:10| 74   9  14   2   0|   0   848k|2827M  176M  135M 4380M|  7    7    0    0    0 |1344k 1375k
17-06 11:50:11| 64   8  27   2   0|   0   592k|2808M  194M  135M 4380M|  7    7    0    0    0 |1782k 1777k
17-06 11:50:12| 76   5  17   1   0|   0   288k|2693M  310M  135M 4380M|  7    7    0    0    0 | 855k  865k
17-06 11:50:13| 60   7  31   2   0|   0   456k|2823M  180M  135M 4380M|  7    7    0    0    0 |1777k 1778k
17-06 11:50:14| 74   6  20   0   0|   0   332k|2685M  317M  135M 4380M|  7    7    0    0    0 |1715k 1706k
17-06 11:50:15| 65   8  26   1   0|   0   860k|2809M  193M  135M 4381M|  7    7    0    0    0 | 855k  855k
17-06 11:50:16| 68   9  21   3   0|   0   772k|2799M  203M  135M 4381M|  7    7    0    0    0 |1746k 1739k
17-06 11:50:17| 72   5  20   4   0|   0  5312k|2810M  192M  135M 4381M|  7    7    0    0    0 | 869k  895k
17-06 11:50:18| 64   8  26   2   0|   0   452k|2799M  203M  135M 4381M|  7    7    0    0    0 |1776k 1776k
17-06 11:50:19| 75   4  20   1   0|   0   300k|2818M  184M  135M 4381M|  7    7    0    0    0 | 905k  912k
17-06 11:50:20| 61   8  29   1   0|   0   448k|2800M  202M  135M 4381M|  7    7    0    0    0 |1693k 1696k
17-06 11:50:21| 76   6  18   1   0|   0   308k|2687M  314M  135M 4381M|  7    7    0    0    0 | 859k  873k
17-06 11:50:22| 61   9  28   3   0|   0  1252k|2782M  219M  135M 4381M|  7    7    0    0    0 |1715k 1718k
17-06 11:50:23| 74   6  20   1   0|   0   460k|2663M  339M  135M 4381M|  7    7    0    0    0 |1744k 1740k
17-06 11:50:24| 67   6  27   1   0|   0   380k|2789M  212M  135M 4381M|  7    7    0    0    0 | 911k  920k
17-06 11:50:25| 68   7  23   2   0|   0   572k|2809M  192M  135M 4382M|  7    7    0    0    0 |1713k 1709k
17-06 11:50:26| 73   5  22   1   0|   0   292k|2821M  180M  136M 4382M|  7    7    0    0    0 | 899k  904k
17-06 11:50:27| 63   8  28   2   0|   0   496k|2787M  215M  136M 4382M|  7    7    0    0    0 |1744k 1740k
17-06 11:50:28| 76   4  18   1   0|   0   252k|2651M  350M  136M 4382M|  7    7    0    0    0 | 805k  812k
17-06 11:50:29| 62  12  25   1   0|   0   512k|2794M  207M  136M 4382M|  7    7    0    0    0 |1035k 1245k
17-06 11:50:30| 75   5  18   2   0|   0   260k|2656M  345M  136M 4382M|  7    7    0    0    0 |  30k   47k
17-06 11:50:31| 59   8  30   4   0|   0   684k|2779M  222M  136M 4382M|  7    7    0    0    0 |  38k   53k
17-06 11:50:32| 80   8  11   1   0|  40k  540k|2646M  353M  136M 4383M|  7    7    0    0    0 |1207k 1227k
17-06 11:50:33| 83  14   3   0   0|   0   328k|2643M  355M  136M 4385M|  7    7    0    0    0 |2531k 2540k
17-06 11:50:34| 79  20   1   0   0|   0     0 |2650M  347M  136M 4386M|  7    7    0    0    0 |2806k 2818k
17-06 11:50:35| 83  16   1   0   0|   0   436k|2649M  346M  136M 4388M|  7    7    0    0    0 |2820k 2840k
17-06 11:50:36| 86  14   0   0   0|  16k  228k|2648M  346M  136M 4389M|  7    7    0    0    0 |1583k 1595k
17-06 11:50:37| 86  14   0   0   0|   0     0 |2647M  346M  136M 4390M|  7    7    0    0    0 |1537k 1552k
17-06 11:50:38| 87  13   0   0   0|   0     0 |2647M  345M  136M 4391M|  7    7    0    0    0 |1647k 1659k
17-06 11:50:39| 86  14   0   0   0|   0     0 |2646M  345M  136M 4392M|  7    7    0    0    0 |1615k 1623k
17-06 11:50:40| 85  15   0   0   0|   0     0 |2645M  344M  136M 4393M|  7    7    0    0    0 |1560k 1569k
17-06 11:50:41| 89  11   0   0   0|   0    52k|2644M  344M  136M 4394M|  7    7    0    0    0 |1574k 1588k
17-06 11:50:42| 83  17   0   0   0|   0     0 |2644M  344M  136M 4395M|  7    7    0    0    0 |1639k 1649k
17-06 11:50:43| 88  12   0   0   0|   0     0 |2643M  343M  136M 4397M|  7    7    0    0    0 |1635k 1644k
17-06 11:50:44| 88  12   0   0   0|   0     0 |2643M  343M  136M 4398M|  7    7    0    0    0 |1558k 1567k
17-06 11:50:45| 87  13   0   0   0|   0     0 |2642M  342M  136M 4399M|  7    7    0    0    0 |1636k 1650k
17-06 11:50:46| 89  11   0   0   0|   0    32k|2641M  342M  136M 4400M|  7    7    0    0    0 |1563k 1576k
17-06 11:50:47| 86  11   2   2   0|   0    20M|2641M  341M  136M 4401M|  7    7    0    0    0 |1505k 1522k
17-06 11:50:48| 87  13   0   0   0|   0     0 |2640M  341M  136M 4402M|  7    7    0    0    0 |1583k 1594k
17-06 11:50:49| 83  17   0   0   0|   0     0 |2640M  340M  136M 4403M|  7    7    0    0    0 |1619k 1634k
17-06 11:50:50| 84  16   0   0   0| 516k  156k|2350M  629M  136M 4404M|  7    7    0    0    0 |  29M 3123k
