----system---- --total-cpu-usage-- -dsk/total- ------memory-usage----- ------tcp-sockets------- -net/total-
     time     |usr sys idl wai stl| read  writ| used  free  buff  cach|lis  act  syn  tim  clo | recv  send
17-06 21:15:11|  7   1  88   4   0| 340k 1473k|2410M  625M  424M 3906M|  7    4    0    1    0 |   0     0 
17-06 21:15:12|  7   3  84   6   0| 100k 2840k|2416M  619M  424M 3906M|  7    8    0    1    0 |  27k   17k
17-06 21:15:13|  3   3  55  40   0| 428k 6632k|2419M  615M  424M 3907M|  7    8    0    1    0 |  14k   22k
17-06 21:15:14| 49   9  32  10   0|3284k 2168k|2524M  506M  424M 3910M|  7    8    0    1    0 |1124B   21k
17-06 21:15:15| 28   7  65   0   0| 144k    0 |2532M  487M  425M 3920M|  7    8    0    1    0 |2849k 5448k
17-06 21:15:16| 51  21  29   0   0| 348k    0 |2550M  452M  426M 3937M|  7    8    0    1    0 |1821k 3447k
17-06 21:15:17| 56  21  22   1   0| 864k    0 |2572M  415M  430M 3947M|  7    6    0    3    0 | 162k  330k
17-06 21:15:18| 19  11  19  51   0|2468k 4824k|2573M  403M  433M 3954M|  7    4    0    5    0 |6980B   34k
17-06 21:15:19|  5   4  12  80   0|1112k   12M|2575M  397M  434M 3958M|  7    4    0    5    0 |3404B   25k
17-06 21:15:20|  7   5  11  78   0|1548k 3264k|2587M  379M  434M 3963M|  7    4    0    5    0 |3270B   31k
17-06 21:15:21|  3   3   9  85   0|1536k 3672k|2582M  378M  434M 3969M|  7    4    0    5    0 |2264B   24k
17-06 21:15:22|  5   3  13  79   0|7796k   10M|2578M  365M  434M 3986M|  7    4    0    5    0 |2396B   27k
17-06 21:15:23|  4   4   5  87   0|4012k 6196k|2578M  354M  434M 3996M|  7    4    0    5    0 |2196B   27k
17-06 21:15:24|  4   3  20  72   0|1452k   10M|2578M  345M  434M 4004M|  7    4    0    5    0 |5680B   29k
17-06 21:15:25|  3   3  18  76   0|2032k 2028k|2578M  341M  434M 4008M|  7    4    0    5    0 |2498B   28k
17-06 21:15:26|  3   3  15  79   0|2040k 2036k|2578M  336M  434M 4012M|  7    4    0    5    0 |2462B   28k
17-06 21:15:27|  7   3  14  76   0|4036k 4044k|2578M  328M  434M 4020M|  7    4    0    5    0 |2498B   24k
17-06 21:15:28|  4   3  16  78   0|6720k 7848k|2578M  313M  434M 4034M|  7    4    0    4    0 |2314B   28k
17-06 21:15:29|  4   5  13  78   0|  37M   30M|2578M  238M  434M 4108M|  7    4    0    4    0 |2498B   28k
17-06 21:15:30|  3   4  16  77   0|1252k   13M|2576M  236M  434M 4113M|  7    4    0    4    0 |5930B   29k
17-06 21:15:31|  2   4  17  78   0|8192B 3744k|2574M  233M  434M 4117M|  7    4    0    4    0 |2432B   28k
17-06 21:15:32|  2   3  19  77   0|   0  2692k|2574M  228M  434M 4121M|  7    4    0    4    0 |2396B   28k
17-06 21:15:33|  2   4  18  76   0|  96k 5024k|2574M  225M  434M 4125M|  7    4    0    4    0 |2366B   24k
17-06 21:15:34|  3   2  16  79   0|   0  5648k|2574M  221M  434M 4127M|  7    4    0    4    0 |2396B   28k
17-06 21:15:35|  3   3  17  77   0|3904k 4088k|2574M  213M  434M 4135M|  7    4    0    4    0 |2498B   28k
17-06 21:15:36|  2   4  14  80   0|4292k 5376k|2576M  201M  434M 4145M|  7    4    0    4    0 |5930B   29k
17-06 21:15:37|  4   4  12  80   0|4040k 7928k|2577M  188M  434M 4156M|  7    4    0    4    1 |3507B   29k
17-06 21:15:38| 32   7  43  19   0|3840k 2504k|2628M  142M  431M 4153M|  7    4    0    5    0 |6937k   13M
17-06 21:15:39| 12   6  39  44   0|  16k   51M|2614M  152M  431M 4158M|  7    4    0    5    0 |  19k   49k
17-06 21:15:40| 44   8  47   1   0|   0    24M|2532M  232M  431M 4159M|  7    4    0    5    0 | 113k  235k
17-06 21:15:41| 86   3  12   0   0|   0     0 |2638M  126M  431M 4159M|  7    4    0    5    0 | 960B   25k
17-06 21:15:42| 69   6  19   7   0| 512k 3416k|2488M  333M  427M 4116M|  7    4    0    5    0 |4814B   28k
