----system---- --total-cpu-usage-- -dsk/total- ------memory-usage----- ------tcp-sockets------- -net/total-
     time     |usr sys idl wai stl| read  writ| used  free  buff  cach|lis  act  syn  tim  clo | recv  send
18-06 03:51:42|  6   1  88   5   0| 371k 1784k|2465M  672M  193M 3966M|  7    4    0    0    0 |   0     0 
18-06 03:51:43|  5   4  87   5   0|  84k 1436k|2471M  666M  193M 3966M|  7    8    0    0    0 |  23k   15k
18-06 03:51:44|  3   2  41  55   0|  20k 3876k|2472M  665M  193M 3966M|  7    6    0    0    0 |  18k   26k
18-06 03:51:45| 43  15  30  11   0|1372k 1000k|2633M  502M  193M 3967M|  7    6    0    0    0 | 540B 8738B
18-06 03:51:46| 72   8  19   1   0| 196k 1160k|2654M  481M  193M 3968M|  7    6    0    0    0 |3670k 3657k
18-06 03:51:47| 86  13   1   1   0|  52k  984k|2676M  459M  193M 3968M|  7    6    0    0    0 |6669k 6629k
18-06 03:51:48| 69  13   1  16   0|   0  2240k|2705M  429M  193M 3968M|  7    6    0    0    0 |  13M   12M
18-06 03:51:49| 85  14   0   1   0|   0  1008k|2725M  409M  193M 3969M|  7    4    0    2    0 |7358k 7314k
18-06 03:51:50| 87  13   0   0   0|  44k  968k|2744M  390M  193M 3969M|  7    4    0    2    0 |6120k 6093k
18-06 03:51:51| 85  15   0   1   0|  16k 1236k|2761M  371M  193M 3969M|  7    4    0    2    0 |  12M   12M
18-06 03:51:52| 84  16   0   0   0|   0  1500k|2788M  345M  193M 3970M|  7    4    0    2    0 |  11M   11M
18-06 03:51:53| 87  12   0   1   0|  48k 1228k|2799M  333M  193M 3970M|  7    4    0    2    0 |2979k 2971k
18-06 03:51:54| 86  14   0   0   0|   0  1188k|2827M  304M  193M 3970M|  7    4    0    2    0 |  14M   14M
18-06 03:51:55| 86  14   0   0   0|  84k 1252k|2842M  289M  193M 3971M|  7    4    0    2    0 |8260k 8204k
18-06 03:51:56| 87  13   0   0   0|  96k 1572k|2864M  266M  193M 3971M|  7    4    0    2    0 |  13M   13M
18-06 03:51:57| 86  14   0   0   0|  16k 2568k|2878M  252M  193M 3972M|  7    4    0    2    0 |9489k 9422k
18-06 03:51:58| 85  15   0   0   0|   0  1268k|2892M  237M  193M 3972M|  7    4    0    2    0 |5204k 5172k
18-06 03:51:59| 84  16   0   0   0|  84k 1088k|2906M  223M  193M 3972M|  7    4    0    2    0 |5391k 5357k
18-06 03:52:00| 85  14   0   0   0|   0  2348k|2920M  208M  193M 3973M|  7    4    0    2    0 |  18M   17M
18-06 03:52:01| 84  16   0   0   0|  80k  424k|2922M  206M  193M 3973M|  7    4    0    2    0 |6688k 6655k
18-06 03:52:02| 86  14   0   0   0|  40k 1344k|2948M  180M  193M 3973M|  7    4    0    2    0 |  13M   13M
18-06 03:52:03| 84  16   0   0   0|4096B 1392k|2947M  180M  193M 3974M|  7    4    0    2    0 |1017k 1038k
18-06 03:52:04| 85  15   0   0   0| 224k 1304k|2972M  166M  192M 3963M|  7    4    0    2    0 |  20M   20M
18-06 03:52:05| 84  16   0   0   0| 132k 1476k|2980M  158M  192M 3963M|  7    4    0    2    0 |  12M   12M
18-06 03:52:06| 83  17   0   0   0| 308k 1120k|2963M  182M  192M 3956M|  7    4    0    2    0 |2811k 2814k
18-06 03:52:07| 84  16   0   0   0| 644k 1820k|2998M  166M  192M 3937M|  7    4    0    2    0 |  20M   20M
18-06 03:52:08| 82  18   0   0   0| 176k  436k|3013M  155M  192M 3933M|  7    4    0    2    0 | 803k  816k
18-06 03:52:09| 84  16   0   0   0| 628k 1736k|3024M  150M  192M 3928M|  7    4    0    2    0 |4923k 4894k
18-06 03:52:10| 86  14   0   0   0| 580k  404k|3045M  142M  191M 3914M|  7    4    0    2    0 |  16M   16M
18-06 03:52:11| 86  14   0   0   0|  72k 1104k|3058M  135M  190M 3910M|  7    4    0    2    0 |  16M   16M
18-06 03:52:12| 81  19   0   0   0| 192k  728k|3069M  134M  190M 3900M|  7    4    0    2    0 |9463k 9400k
18-06 03:52:13| 84  16   0   0   0|8192B 1104k|3080M  140M  190M 3883M|  7    4    0    2    0 |4828k 4804k
18-06 03:52:14| 84  16   0   0   0| 924k  404k|3093M  135M  189M 3875M|  7    4    0    2    0 |6196k 6158k
18-06 03:52:15| 79  21   0   0   0| 228k 1852k|3115M  144M  189M 3844M|  7    4    0    2    0 |  15M   15M
18-06 03:52:16| 81  19   0   0   0|  60k 1552k|3126M  133M  189M 3844M|  7    4    0    2    0 |  50k   72k
18-06 03:52:17| 81  19   0   0   0| 164k  688k|3148M  129M  189M 3827M|  7    4    0    2    0 |2473k 2472k
18-06 03:52:18| 81  19   0   0   0|  80k 1664k|3163M  137M  189M 3803M|  7    4    0    2    0 |8503k 8447k
18-06 03:52:19| 78  22   0   0   0| 220k 1820k|3176M  132M  189M 3795M|  7    4    0    2    0 |6457k 6399k
18-06 03:52:20| 78  22   0   0   0| 256k   11M|3192M  132M  189M 3779M|  7    4    0    2    0 |  11M   11M
18-06 03:52:21| 77  23   0   0   0|   0  1400k|3186M  138M  189M 3779M|  7    4    0    2    0 |  11M   10M
18-06 03:52:22| 78  22   0   0   0|   0  1692k|3207M  140M  189M 3757M|  7    4    0    2    0 |  17M   17M
18-06 03:52:23| 77  23   0   0   0|  12k 2796k|3213M  135M  189M 3756M|  7    4    0    2    0 |  22M   22M
18-06 03:52:24| 72  28   0   0   0| 464k 1876k|3235M  151M  188M 3719M|  7    4    0    2    0 | 167k  272k
18-06 03:52:25| 77  23   0   0   0| 280k  720k|3233M  157M  188M 3715M|  7    4    0    2    0 |4147k 4119k
18-06 03:52:26| 82  18   0   0   0| 488k 2112k|3252M  141M  188M 3712M|  7    4    0    2    0 |  36M   36M
18-06 03:52:27| 75  25   0   0   0|  36k  976k|3266M  131M  188M 3708M|  7    4    0    2    0 |6234k 6299k
18-06 03:52:28| 74  26   0   0   0|  80k 2308k|3238M  159M  188M 3708M|  7    4    0    2    0 |  27M   27M
18-06 03:52:29| 88  12   0   0   0|  20k  852k|3255M  142M  188M 3707M|  7    4    0    2    0 |  17M   16M
18-06 03:52:30| 80  20   0   0   0|   0  1520k|3253M  146M  188M 3706M|  7    4    0    2    0 |  28k   39k
18-06 03:52:31| 77  23   0   0   0|  32k  336k|3255M  146M  188M 3703M|  7    4    0    2    0 |  21M   21M
18-06 03:52:32| 76  24   0   0   0|   0  2184k|3267M  134M  188M 3703M|  7    4    0    2    0 | 695k  701k
18-06 03:52:33| 76  24   0   0   0|  48k  584k|3277M  135M  188M 3693M|  7    4    0    2    0 |  33M   32M
18-06 03:52:34| 76  24   0   0   0|4096B 2456k|3277M  135M  188M 3693M|  7    4    0    2    0 |  34k   42k
18-06 03:52:35| 81  19   0   0   0|   0   712k|3278M  141M  188M 3687M|  7    4    0    2    0 |  28M   28M
18-06 03:52:36| 78  22   0   0   0| 384k 1376k|3281M  138M  188M 3687M|  7    4    0    2    0 |  22M   22M
18-06 03:52:37| 77  23   0   0   0| 204k 2824k|3281M  147M  187M 3679M|  7    4    0    2    0 |  21M   21M
18-06 03:52:38| 74  26   0   0   0|   0  2224k|3318M  140M  186M 3649M|  7    4    0    2    0 | 163k  198k
18-06 03:52:39| 82  18   0   0   0|  80k 1096k|3311M  148M  186M 3649M|  7    4    0    2    0 |9524k 9452k
18-06 03:52:40| 81  19   0   0   0| 112k  436k|3300M  161M  186M 3646M|  7    4    0    2    0 |  20M   20M
18-06 03:52:41| 79  21   0   0   0| 188k 1576k|3319M  174M  185M 3615M|  7    4    0    2    0 | 237k  258k
18-06 03:52:42| 81  19   0   0   0|  60k 2548k|3321M  171M  185M 3616M|  7    4    0    2    0 |  19M   19M
18-06 03:52:43| 74  26   0   0   0| 188k 1040k|3326M  166M  185M 3617M|  7    4    0    2    0 |  23M   23M
18-06 03:52:44| 75  25   0   0   0|   0  2320k|3328M  163M  185M 3618M|  7    4    0    2    0 | 751k  781k
18-06 03:52:45| 84  16   0   0   0| 164k 1612k|3336M  153M  185M 3619M|  7    4    0    2    0 |  15M   15M
18-06 03:52:46| 86  14   0   0   0|   0  2620k|3334M  153M  185M 3621M|  7    4    0    2    0 |3726k 3741k
18-06 03:52:47| 86  14   0   0   0|  44k 2448k|3335M  150M  185M 3623M|  7    4    0    2    0 |3645k 3660k
18-06 03:52:48| 89  11   0   0   0|  32k 4264k|3335M  149M  185M 3625M|  7    4    0    2    0 |3836k 3841k
18-06 03:52:49| 96   3   0   0   0| 172k 1844k|3335M  148M  185M 3625M|  7    4    0    2    0 | 238k  249k
18-06 03:52:50| 94   4   2   2   0|  92k 5068k|3335M  148M  185M 3626M|  7    4    0    2    0 | 223k  233k
18-06 03:52:51| 93   4   2   2   0| 188k   20M|3335M  148M  185M 3626M|  7    4    0    0    0 | 410k  418k
18-06 03:52:52| 96   4   0   0   0| 128k 1868k|3334M  148M  185M 3626M|  7    4    0    0    0 | 366k  380k
18-06 03:52:53| 79   4   8   9   0| 320k 4820k|3335M  146M  185M 3627M|  7    4    0    0    0 | 415k  434k
