----system---- --total-cpu-usage-- -dsk/total- ------memory-usage----- ------tcp-sockets------- -net/total-
     time     |usr sys idl wai stl| read  writ| used  free  buff  cach|lis  act  syn  tim  clo | recv  send
17-06 06:03:18|  4   0  95   1   0|  84k  345k|1212M  153M  170M 5833M|  7    2    0    0    0 |   0     0 
17-06 06:03:19|  7   3  84   6   0| 464k 1684k|1224M  141M  170M 5833M|  7    5    0    0    1 |  24k   19k
17-06 06:03:20|  4   1  42  54   0|4096B 4252k|1224M  141M  170M 5833M|  7    4    0    0    0 |  14k   17k
17-06 06:03:21| 43  17  27  12   0|  15M  784k|1381M  130M  168M 5692M|  7    4    0    0    0 | 726B 9258B
17-06 06:03:22| 54   8  14  24   0|  29M  720k|1529M  127M  164M 5558M|  7    4    0    0    0 | 481k  496k
17-06 06:03:23| 85  13   0   1   0|  44M  164k|1434M  207M  163M 5575M|  7    4    0    0    0 |1371k 1377k
17-06 06:03:24| 90  10   0   0   0|  50M 4096B|1443M  148M  163M 5624M|  7    4    0    0    0 | 465k  477k
17-06 06:03:25| 87  13   0   0   0|  35M  268k|1545M  137M  159M 5540M|  7    2    0    2    0 | 484k  495k
17-06 06:03:26| 93   7   0   0   0|8708k  164k|1450M  246M  159M 5526M|  7    2    0    2    0 | 470k  490k
17-06 06:03:27| 91   7   0   2   0|3044k  164k|1573M  130M  159M 5520M|  7    2    0    2    0 |1363k 1366k
17-06 06:03:28| 91   8   0   1   0|9160k  164k|1576M  126M  158M 5521M|  7    2    0    2    0 |1295k 1303k
17-06 06:03:29| 87  10   0   3   0|  19M  164k|1578M  131M  158M 5516M|  7    2    0    2    0 |1350k 1358k
17-06 06:03:30| 85  11   0   4   0|  21M  168k|1582M  138M  157M 5505M|  7    2    0    2    0 |1429k 1433k
17-06 06:03:31| 84  11   0   5   0|  25M  288k|1497M  229M  157M 5501M|  7    2    0    2    0 |1350k 1352k
17-06 06:03:32| 82  17   0   2   0|  13M    0 |1599M  132M  156M 5496M|  7    2    0    2    0 | 492k  513k
17-06 06:03:33| 87   7   5   1   0|1104k  164k|1609M  143M  156M 5476M|  7    2    0    2    0 |1321k 1324k
17-06 06:03:34| 86   8   6   0   0|   0   164k|1617M  142M  156M 5469M|  7    2    0    2    0 |1360k 1369k
17-06 06:03:35| 89   6   5   0   0|   0   164k|1534M  229M  156M 5465M|  7    2    0    2    0 |1358k 1368k
17-06 06:03:36| 88  12   0   0   0|  56k  124k|1542M  220M  156M 5465M|  7    2    0    2    0 | 520k  540k
17-06 06:03:37| 91   9   0   0   0| 284k    0 |1531M  234M  156M 5462M|  7    2    0    2    0 | 482k  500k
17-06 06:03:38| 88  12   0   0   0| 576k    0 |1545M  219M  156M 5463M|  7    2    0    2    0 | 485k  496k
17-06 06:03:39| 90  10   0   0   0| 296k    0 |1655M  127M  156M 5447M|  7    2    0    2    0 | 473k  484k
17-06 06:03:40| 89   6   4   0   0|1148k  164k|1646M  165M  155M 5419M|  7    2    0    2    0 |1367k 1374k
17-06 06:03:41| 92   3   4   0   0|   0   260k|1554M  256M  155M 5419M|  7    2    0    2    0 | 869k  853k
17-06 06:03:42| 74   7  18   1   0|  12k  168k|1566M  266M  155M 5399M|  7    2    0    2    0 |1854k 1879k
17-06 06:03:43| 90  10   0   0   0|   0     0 |1669M  162M  155M 5399M|  7    2    0    2    0 | 483k  499k
17-06 06:03:44| 90   6   4   0   0|  16k  164k|1663M  168M  155M 5399M|  7    2    0    2    0 |1329k 1337k
17-06 06:03:45| 85   6   8   0   0|   0   164k|1674M  157M  155M 5399M|  7    2    0    2    0 |1353k 1360k
17-06 06:03:46| 82  11   6   1   0|   0   708k|1671M  160M  155M 5399M|  7    2    0    2    0 |1394k 1405k
17-06 06:03:47| 85   6   8   2   0| 176k  936k|1566M  264M  155M 5399M|  7    2    0    2    0 |1362k 1372k
17-06 06:03:48| 90   9   0   0   0|   0   100k|1570M  260M  155M 5399M|  7    2    0    2    0 | 483k  494k
17-06 06:03:49| 93   7   0   0   0|   0    40k|1699M  132M  155M 5399M|  7    2    0    2    0 | 480k  491k
17-06 06:03:50| 88   9   3   0   0|  80k  164k|1674M  158M  155M 5398M|  7    2    0    2    0 |1376k 1384k
17-06 06:03:51| 94   6   0   0   0|   0     0 |1569M  262M  155M 5398M|  7    2    0    2    0 | 464k  482k
17-06 06:03:52| 80  10  10   0   0|   0   328k|1651M  181M  155M 5397M|  7    2    0    2    0 |1797k 1791k
17-06 06:03:53| 92   3   5   1   0|   0   164k|1584M  250M  155M 5396M|  7    2    0    2    0 | 749k  642k
17-06 06:03:54| 87   8   4   0   0|   0   292k|1704M  130M  155M 5395M|  7    2    0    2    0 |1073k 1183k
17-06 06:03:55| 85   7   8   0   0|   0   164k|1707M  151M  155M 5372M|  7    2    0    2    0 | 896k  905k
17-06 06:03:56| 82   5  12   0   0|   0  1308k|1673M  185M  155M 5372M|  7    2    0    2    0 | 915k  919k
17-06 06:03:57| 95   5   0   0   0|   0   328k|1695M  163M  155M 5372M|  7    2    0    2    0 | 888k  887k
17-06 06:03:58| 88   7   4   0   0|   0   164k|1700M  158M  155M 5372M|  7    2    0    2    0 | 916k  921k
17-06 06:03:59| 88   5   8   0   0|   0   164k|1713M  145M  155M 5372M|  7    2    0    2    0 | 812k  812k
17-06 06:04:00| 90   5   5   0   0|   0   168k|1706M  152M  155M 5372M|  7    2    0    2    0 | 882k  887k
17-06 06:04:01| 90   6   4   0   0|   0   376k|1692M  166M  155M 5372M|  7    2    0    2    0 |1021k 1029k
17-06 06:04:02| 90   5   5   1   0|   0   312k|1697M  161M  155M 5373M|  7    2    0    2    0 | 824k  831k
17-06 06:04:03| 88   7   4   0   0|   0   164k|1712M  146M  155M 5373M|  7    2    0    2    0 | 992k 1001k
17-06 06:04:04| 88   8   4   0   0|   0   164k|1719M  139M  155M 5372M|  7    2    0    2    0 | 918k  931k
17-06 06:04:05| 81   9  10   1   0|   0   328k|1626M  231M  155M 5373M|  7    2    0    2    0 |1722k 1720k
17-06 06:04:06| 84   8   8   0   0|   0   168k|1692M  166M  155M 5373M|  7    2    0    2    0 | 984k  988k
17-06 06:04:07| 85   8   6   1   0|   0   292k|1705M  153M  155M 5373M|  7    2    0    2    0 | 864k  873k
17-06 06:04:08| 87   6   7   0   0|  80k  164k|1695M  162M  155M 5373M|  7    2    0    2    0 | 914k  924k
17-06 06:04:09| 85   7   7   0   0|   0   164k|1699M  158M  155M 5373M|  7    2    0    2    0 | 930k  930k
17-06 06:04:10| 79   8  13   1   0|   0   568k|1576M  281M  155M 5373M|  7    2    0    2    0 |1817k 1820k
17-06 06:04:11| 92   8   0   0   0|   0   232k|1610M  248M  155M 5373M|  7    2    0    2    0 |6565B   20k
17-06 06:04:12| 92   8   0   0   0|  16k  168k|1731M  144M  154M 5355M|  7    2    0    2    0 |1305k 1342k
17-06 06:04:13| 82   5  13   0   0|   0   164k|1748M  127M  154M 5355M|  7    2    0    2    0 |1301k 1336k
17-06 06:04:14| 83  12   4   0   0|   0   164k|1704M  173M  154M 5354M|  7    2    0    2    0 |1340k 1374k
17-06 06:04:15| 94   6   0   0   0|   0     0 |1604M  273M  154M 5354M|  7    2    0    2    0 | 408k  470k
17-06 06:04:16| 91   8   2   0   0|   0   280k|1743M  133M  154M 5354M|  7    2    0    2    0 |1327k 1362k
17-06 06:04:17| 81   7  12   0   0|   0   164k|1749M  143M  154M 5339M|  7    2    0    2    0 |1301k 1340k
17-06 06:04:18| 84   7   8   0   0|   0   168k|1626M  266M  154M 5340M|  7    2    0    2    0 |1006k 1051k
17-06 06:04:19| 83  10   7   1   0|   0   164k|1738M  154M  154M 5340M|  7    2    0    2    0 |1038k 1093k
17-06 06:04:20| 85   8   6   0   0|   0   164k|1628M  264M  154M 5340M|  7    2    0    2    0 | 912k  950k
17-06 06:04:21| 93   4   2   0   0|  56k  292k|1667M  225M  154M 5340M|  7    2    0    2    0 | 957k  979k
17-06 06:04:22| 88   8   4   0   0|2292k  348k|1627M  263M  154M 5342M|  7    2    0    2    0 |  70k  101k
17-06 06:04:23| 91   9   0   0   0|  12M  568k|1751M  126M  154M 5355M|  7    2    0    2    0 |  46k  101k
17-06 06:04:24| 89   8   1   3   0|  17M  168k|1716M  161M  154M 5356M|  7    2    0    2    0 |  51k  119k
17-06 06:04:25| 94   4   0   1   0|  17M    0 |1621M  254M  154M 5358M|  7    2    0    2    0 |  27k   62k
17-06 06:04:26| 76  15   0   9   0|  27M  328k|1727M  154M  153M 5354M|  7    2    0    2    0 |  34k   91k
17-06 06:04:27| 94   6   0   0   0|  22M 2844k|1624M  281M  152M 5332M|  7    2    0    0    0 |  23k   61k
17-06 06:04:28| 71  15   1  13   0|  34M  424k|1748M  133M  152M 5356M|  7    2    0    0    0 |  57k  123k
17-06 06:04:29| 94   6   0   0   0|  11M    0 |1756M  136M  152M 5346M|  7    2    0    0    0 |  22k   63k
17-06 06:04:30| 92   8   0   0   0|  12M  168k|1734M  148M  152M 5357M|  7    2    0    0    0 |  36k   70k
17-06 06:04:31| 90  10   0   0   0|  15M  164k|1728M  139M  152M 5372M|  7    2    0    0    0 |  40k   89k
17-06 06:04:32| 90   9   0   0   0|  20M  496k|1727M  141M  152M 5372M|  7    2    0    0    0 |  28k   97k
17-06 06:04:33| 90  10   0   0   0|  30M  464k|1633M  262M  150M 5347M|  7    2    0    0    0 |  23k   91k
17-06 06:04:34| 92   8   0   0   0|  10M  164k|1748M  136M  150M 5357M|  7    2    0    0    0 |  42k   94k
17-06 06:04:35| 92   7   0   0   0|  23M  248k|1637M  225M  150M 5381M|  7    2    0    0    0 |  40k   75k
17-06 06:04:36| 88  10   1   1   0|  15M  748k|1752M  124M  150M 5368M|  7    2    0    0    0 |  35k   69k
17-06 06:04:37| 90   9   0   0   0|  17M  344k|1741M  145M  149M 5359M|  7    2    0    0    0 |  36k   81k
17-06 06:04:38| 90  10   0   0   0|  28M  164k|1735M  150M  148M 5361M|  7    2    0    0    0 |  23k   56k
17-06 06:04:39| 91   9   0   0   0|  34M  164k|1738M  141M  147M 5368M|  7    2    0    0    0 |  45k   79k
17-06 06:04:40| 92   8   0   0   0|  21M  164k|1761M  151M  146M 5338M|  7    2    0    0    0 |  23k   63k
17-06 06:04:41| 93   7   0   0   0|  35M  232k|1640M  263M  145M 5348M|  7    2    0    0    0 |  56k   94k
17-06 06:04:42| 92   8   0   0   0|  28M 4096B|1740M  135M  145M 5376M|  7    2    0    0    0 |9623B   20k
17-06 06:04:43| 88   8   4   0   0|  12M  164k|1739M  151M  145M 5362M|  7    2    0    0    0 |  27k   37k
17-06 06:04:44| 79   5  16   0   0|   0   164k|1738M  152M  145M 5362M|  7    2    0    0    0 |8203B   19k
17-06 06:04:45| 88   7   4   0   0|  16k  164k|1754M  136M  145M 5361M|  7    2    0    0    0 |  25k   48k
17-06 06:04:46| 93   7   0   0   0|  36k  328k|1751M  139M  145M 5361M|  7    2    0    0    0 |  16k   27k
17-06 06:04:47| 93   7   0   0   0|  36k  824k|1737M  154M  145M 5361M|  7    2    0    0    0 |  31k   54k
17-06 06:04:48| 92   8   0   0   0|  28k  168k|1769M  128M  145M 5355M|  7    2    0    0    0 |  10k   36k
17-06 06:04:49| 92   8   0   0   0|  36k  284k|1776M  147M  144M 5330M|  7    2    0    0    0 |  22k   44k
17-06 06:04:50| 96   4   0   0   0|  20k  168k|1678M  245M  144M 5330M|  7    2    0    0    0 |3928B   13k
17-06 06:04:51| 96   4   0   0   0|  16k  240k|1791M  132M  144M 5330M|  7    2    0    0    0 |  18k   30k
17-06 06:04:52| 95   5   0   0   0|  16k  164k|1787M  136M  144M 5330M|  7    2    0    0    0 |  11k   18k
17-06 06:04:53| 95   5   0   0   0|  12k  164k|1780M  143M  144M 5330M|  7    2    0    0    0 |  11k   21k
17-06 06:04:54| 95   5   0   0   0|4096B  324k|1773M  149M  144M 5331M|  7    2    0    0    0 |  19k   29k
17-06 06:04:55| 98   2   0   0   0|   0   396k|1679M  243M  144M 5331M|  7    2    0    0    0 |1583B 8927B
17-06 06:04:56| 95   5   0   0   0|   0   104k|1789M  133M  144M 5330M|  7    2    0    0    0 |  17k   27k
17-06 06:04:57| 95   5   0   0   0|   0   444k|1784M  138M  144M 5330M|  7    2    0    0    0 |  21k   29k
17-06 06:04:58| 93   7   0   0   0|   0  3184k|1769M  153M  144M 5331M|  7    2    0    0    0 |4508B   16k
17-06 06:04:59| 89   5   4   1   0| 160k  308k|1733M  190M  144M 5330M|  7    2    0    0    0 |  28k   42k
17-06 06:05:00| 88   6   6   0   0|   0   696k|1777M  146M  144M 5330M|  7    2    0    0    0 |  20k   44k
17-06 06:05:01| 96   4   0   0   0|   0   164k|1777M  147M  144M 5330M|  7    2    0    0    0 |  12k   19k
17-06 06:05:02| 80   6  14   0   0|   0   164k|1759M  165M  144M 5330M|  7    2    0    0    0 |  29k   78k
17-06 06:05:03| 66   7  26   1   0|   0   548k|1742M  182M  144M 5330M|  7    3    0    0    0 |  26k   78k
17-06 06:05:04| 89   4   7   0   0|   0   344k|1779M  145M  144M 5330M|  7    2    0    0    0 |  36k   71k
17-06 06:05:05| 94   6   0   0   0|   0   696k|1775M  149M  144M 5330M|  7    2    0    0    0 |  27k   71k
17-06 06:05:06| 93   6   1   0   0|   0   168k|1773M  151M  144M 5330M|  7    2    0    0    0 |  55k   85k
17-06 06:05:07| 96   4   0   0   0|   0     0 |1675M  249M  144M 5330M|  7    2    0    0    0 |  18k   55k
17-06 06:05:08| 94   5   1   0   0|   0   248k|1778M  146M  144M 5331M|  7    2    0    0    0 |  24k   42k
17-06 06:05:09| 90   5   4   0   0| 688k  164k|1462M  461M  144M 5331M|  7    2    0    0    0 |  28k   44k
