----system---- --total-cpu-usage-- -dsk/total- ------memory-usage----- ------tcp-sockets------- -net/total-
     time     |usr sys idl wai stl| read  writ| used  free  buff  cach|lis  act  syn  tim  clo | recv  send
17-06 06:25:38|  4   0  94   1   0|  91k  345k|1580M  284M  178M 5364M|  7    2    0    0    0 |   0     0 
17-06 06:25:39| 19   4  70   6   0| 396k 1748k|1598M  265M  178M 5365M|  7    5    0    0    0 |  15k   16k
17-06 06:25:40|  4   2  62  33   0|  72k 2532k|1599M  264M  178M 5365M|  7    4    0    0    0 |  13k   21k
17-06 06:25:41| 18   8  10  64   0|5248k 3188k|1644M  214M  178M 5370M|  7    4    0    0    0 |4220B 9485B
17-06 06:25:42| 59  15  26   0   0|3472k    0 |1877M  196M  176M 5162M|  7    4    0    0    0 | 248k  259k
17-06 06:25:43| 85  10   4   0   0| 264k  172k|1813M  259M  176M 5162M|  7    4    0    0    0 |1376k 1381k
17-06 06:25:44| 91   9   0   0   0| 256k    0 |1957M  136M  176M 5142M|  7    3    0    1    0 | 522k  536k
17-06 06:25:45| 90  10   0   0   0|   0   164k|1956M  155M  175M 5124M|  7    2    0    2    0 |1256k 1267k
17-06 06:25:46| 95   5   0   0   0|   0   316k|1954M  158M  175M 5124M|  7    2    0    2    0 |1479k 1479k
17-06 06:25:47| 93   7   0   0   0|   0   168k|1960M  151M  175M 5124M|  7    2    0    2    0 |1328k 1333k
17-06 06:25:48| 96   4   0   0   0|   0     0 |1864M  265M  175M 5106M|  7    2    0    2    0 | 465k  477k
17-06 06:25:49| 94   6   0   0   0|   0   164k|1986M  143M  175M 5106M|  7    2    0    2    0 |1321k 1326k
17-06 06:25:50| 89  11   0   0   0|   0   164k|1995M  135M  175M 5106M|  7    2    0    2    0 |1359k 1362k
17-06 06:25:51| 87  13   0   0   0|   0   280k|1894M  236M  175M 5106M|  7    2    0    2    0 |1326k 1330k
17-06 06:25:52| 91   9   0   0   0|  72k    0 |2038M  127M  174M 5072M|  7    2    0    2    0 | 627k  640k
17-06 06:25:53| 94   6   0   0   0|   0   168k|2066M  135M  174M 5036M|  7    2    0    2    0 |1361k 1367k
17-06 06:25:54| 91   9   0   0   0|   0   164k|2062M  160M  173M 5015M|  7    2    0    2    0 |1363k 1372k
17-06 06:25:55| 92   8   0   0   0|   0   164k|1974M  249M  173M 5015M|  7    2    0    2    0 |1360k 1367k
17-06 06:25:56| 81  19   0   0   0|   0   116k|1969M  257M  173M 5011M|  7    2    0    2    0 | 469k  483k
17-06 06:25:57| 82  18   0   0   0|  52k    0 |2065M  166M  173M 5007M|  7    2    0    2    0 | 559k  578k
17-06 06:25:58| 82  18   0   0   0|   0     0 |2212M  181M  170M 4852M|  7    2    0    2    0 | 470k  482k
17-06 06:25:59| 94   6   0   0   0| 164k 4096B|2129M  265M  170M 4851M|  7    2    0    2    0 | 472k  486k
17-06 06:26:00| 91   9   0   0   0|   0   164k|2241M  153M  170M 4851M|  7    2    0    2    0 |1354k 1357k
17-06 06:26:01| 83  17   0   0   0|  88k  164k|2133M  285M  169M 4827M|  7    2    0    2    0 |1545k 1550k
17-06 06:26:02| 80  20   0   0   0|  16k 1700k|2288M  194M  167M 4766M|  7    2    0    2    0 | 467k  480k
17-06 06:26:03| 96   4   0   0   0|   0     0 |2325M  157M  167M 4766M|  7    2    0    2    0 | 463k  474k
17-06 06:26:04| 88  12   0   0   0|   0   164k|2319M  162M  167M 4766M|  7    2    0    2    0 |1540k 1544k
17-06 06:26:05| 93   7   0   0   0|  84k  168k|2321M  160M  167M 4766M|  7    2    0    2    0 |1362k 1369k
17-06 06:26:06| 96   4   0   0   0|   0     0 |2180M  301M  167M 4766M|  7    2    0    2    0 | 465k  475k
17-06 06:26:07| 93   7   0   0   0| 136k  280k|2330M  150M  167M 4766M|  7    2    0    2    0 |1356k 1357k
17-06 06:26:08| 93   7   0   0   0|  48k  164k|2325M  156M  167M 4766M|  7    2    0    2    0 |1360k 1361k
17-06 06:26:09| 92   8   0   0   0| 208k  164k|2322M  158M  167M 4767M|  7    2    0    2    0 |1289k 1292k
17-06 06:26:10| 94   6   0   0   0|  24k  164k|2323M  157M  167M 4767M|  7    2    0    2    0 |1356k 1362k
17-06 06:26:11| 95   5   0   0   0|  32k 4096B|2201M  279M  167M 4767M|  7    2    0    2    0 | 482k  506k
17-06 06:26:12| 94   6   0   0   0|  16k  288k|2344M  137M  167M 4766M|  7    2    0    2    0 |1121k 1121k
17-06 06:26:13| 92   8   0   0   0|   0   164k|2363M  133M  167M 4751M|  7    2    0    2    0 | 889k  888k
17-06 06:26:14| 90  10   0   0   0|1040k  164k|2352M  144M  167M 4752M|  7    2    0    2    0 | 968k  968k
17-06 06:26:15| 92   8   0   0   0|   0   164k|2214M  281M  167M 4753M|  7    2    0    2    0 |1407k 1414k
17-06 06:26:16| 82  18   0   0   0|   0     0 |2223M  271M  167M 4753M|  7    2    0    2    0 | 404k  430k
17-06 06:26:17| 90  10   0   0   0|   0   112k|2365M  129M  167M 4753M|  7    2    0    2    0 | 239k  259k
17-06 06:26:18| 92   8   0   0   0|  24k  164k|2360M  149M  166M 4739M|  7    2    0    2    0 | 844k  845k
17-06 06:26:19| 93   7   0   0   0|  16k  164k|2372M  139M  166M 4738M|  7    2    0    2    0 | 888k  890k
17-06 06:26:20| 95   5   0   0   0|  16k  164k|2293M  225M  166M 4731M|  7    2    0    2    0 | 907k  908k
17-06 06:26:21| 95   5   0   0   0|   0     0 |2251M  266M  166M 4731M|  7    2    0    2    0 |1146B 9134B
17-06 06:26:22| 93   7   0   0   0|  32k  280k|2374M  144M  166M 4731M|  7    2    0    2    0 | 901k  907k
17-06 06:26:23| 94   6   0   0   0|   0   164k|2371M  147M  166M 4731M|  7    2    1    2    1 | 891k  891k
17-06 06:26:24| 94   6   0   0   0|   0   168k|2374M  144M  166M 4731M|  7    2    0    2    0 | 890k  900k
17-06 06:26:25| 92   8   0   0   0|   0   164k|2370M  147M  166M 4731M|  7    2    0    2    0 | 889k  894k
17-06 06:26:26| 94   6   0   0   0|  16k  164k|2370M  147M  166M 4731M|  7    2    0    2    0 | 889k  889k
17-06 06:26:27| 94   6   0   0   0|  32k  340k|2374M  144M  166M 4731M|  7    2    0    2    0 | 908k  909k
17-06 06:26:28| 96   4   0   0   0|  16k    0 |2260M  273M  166M 4717M|  7    2    0    2    0 |2650B   13k
17-06 06:26:29| 94   6   0   0   0|   0   164k|2392M  142M  166M 4715M|  7    2    0    2    0 | 889k  888k
17-06 06:26:30| 94   6   0   0   0|   0   168k|2393M  141M  166M 4715M|  7    2    0    2    0 | 891k  891k
17-06 06:26:31| 94   6   0   0   0|   0   164k|2383M  151M  166M 4715M|  7    2    0    2    0 | 891k  893k
17-06 06:26:32| 95   5   0   0   0| 168k  292k|2384M  150M  166M 4715M|  7    2    0    2    0 |1058k 1073k
17-06 06:26:33| 91   9   0   0   0|   0  2580k|2386M  147M  166M 4716M|  7    2    0    2    0 |1212k 1232k
17-06 06:26:34| 96   4   0   0   0| 108k    0 |2277M  272M  165M 4701M|  7    2    0    2    0 | 386k  425k
17-06 06:26:35| 93   7   0   0   0|  20k  164k|2397M  151M  165M 4701M|  7    2    0    2    0 |1259k 1285k
17-06 06:26:36| 91   9   0   0   0| 124k  168k|2420M  141M  164M 4691M|  7    2    0    2    0 |1293k 1333k
17-06 06:26:37| 92   8   0   0   0| 180k  276k|2422M  146M  163M 4683M|  7    2    0    2    0 |1281k 1308k
17-06 06:26:38| 96   4   0   0   0|  16k  312k|2311M  260M  163M 4681M|  7    2    0    2    0 | 428k  474k
17-06 06:26:39| 92   8   0   0   0| 192k  164k|2432M  143M  163M 4677M|  7    2    0    2    0 | 906k  934k
17-06 06:26:40| 92   8   0   0   0|  44k  164k|2440M  135M  163M 4677M|  7    2    0    2    0 | 924k  952k
17-06 06:26:41| 90  10   0   0   0|  16k  164k|2447M  132M  163M 4673M|  7    2    0    2    0 | 112k  159k
17-06 06:26:42| 90  10   0   0   0|  12k  304k|2441M  138M  163M 4673M|  7    2    0    2    0 |  42k   56k
17-06 06:26:43| 91   9   0   0   0| 292k  164k|2312M  268M  163M 4672M|  7    2    0    2    0 |  36k   44k
17-06 06:26:44| 77  23   0   0   0|  88k    0 |2326M  254M  163M 4672M|  7    2    0    2    0 |  11k   23k
17-06 06:26:45| 80  20   0   0   0| 396k    0 |2303M  277M  163M 4673M|  7    2    0    2    0 |1680B   24k
17-06 06:26:46| 79  21   0   0   0|  80k    0 |2319M  261M  163M 4673M|  7    2    0    0    0 |  89k  110k
17-06 06:26:47| 76  24   0   0   0|   0    76k|2321M  259M  163M 4673M|  7    2    0    0    0 |4250B   18k
17-06 06:26:48| 80  20   0   0   0|  48k 4096B|2329M  250M  163M 4673M|  7    2    0    0    0 |6571B   28k
17-06 06:26:49| 77  23   0   0   0| 320k    0 |2506M  133M  160M 4617M|  7    2    0    0    0 | 462k  485k
17-06 06:26:50| 94   6   0   0   0|  80k    0 |2444M  251M  157M 4566M|  7    2    0    0    0 |  40k   49k
17-06 06:26:51| 90  10   0   0   0|   0   164k|2593M  142M  156M 4529M|  7    2    0    0    0 | 898k  907k
17-06 06:26:52| 91   9   0   0   0|8192B  288k|2585M  150M  156M 4529M|  7    2    0    0    0 | 889k  895k
17-06 06:26:53| 92   8   0   0   0|   0   164k|2588M  147M  156M 4529M|  7    2    0    0    0 | 894k  894k
17-06 06:26:54| 90  10   0   0   0| 192k  164k|2585M  150M  156M 4530M|  7    3    0    0    0 | 873k  885k
17-06 06:26:55| 90  10   0   0   0|   0   168k|2595M  140M  156M 4530M|  7    2    0    0    0 |  32k   76k
17-06 06:26:56| 93   7   0   0   0|   0     0 |2447M  287M  156M 4530M|  7    2    0    0    0 |  21k   82k
17-06 06:26:57| 78  22   0   0   0| 924k  284k|2458M  280M  155M 4528M|  7    2    0    0    0 |  79k  148k
17-06 06:26:58| 76  24   0   0   0|  64k 4096B|2497M  240M  155M 4528M|  7    2    0    0    0 | 220k  285k
17-06 06:26:59| 88  12   0   0   0| 288k    0 |2606M  129M  155M 4530M|  7    2    0    0    0 | 533k  548k
17-06 06:27:00| 92   8   0   0   0|  32k  164k|2581M  159M  155M 4526M|  7    2    0    0    0 | 855k  856k
17-06 06:27:01| 92   8   0   0   0|   0   168k|2580M  164M  155M 4522M|  7    2    0    0    0 | 890k  891k
17-06 06:27:02| 92   8   0   0   0|   0   240k|2578M  166M  155M 4522M|  7    2    0    0    0 | 855k  857k
17-06 06:27:03| 91   9   0   0   0|  48k 5104k|2578M  169M  154M 4519M|  7    2    0    0    0 | 892k  894k
17-06 06:27:04| 96   4   0   0   0|   0     0 |2466M  281M  154M 4519M|  7    2    0    0    0 | 774B   13k
17-06 06:27:05| 92   8   0   0   0|  32k  164k|2603M  144M  154M 4519M|  7    2    0    0    0 | 872k  877k
17-06 06:27:06| 91   9   0   0   0|  48k  164k|2599M  147M  154M 4519M|  7    2    0    0    0 | 939k 1005k
17-06 06:27:07| 90  10   0   0   0|  80k  248k|2612M  153M  154M 4502M|  7    3    0    0    0 | 905k  914k
17-06 06:27:08| 90  10   0   0   0| 272k  388k|2618M  157M  154M 4492M|  7    2    0    0    0 |1153k 1159k
17-06 06:27:09| 95   5   0   0   0| 128k  164k|2504M  275M  154M 4489M|  7    2    0    0    0 | 885k  886k
17-06 06:27:10| 94   6   0   0   0| 136k    0 |2606M  173M  154M 4489M|  7    2    0    0    0 |1512B   22k
17-06 06:27:11| 92   8   0   0   0|   0   164k|2596M  182M  154M 4489M|  7    2    0    0    0 | 888k  898k
17-06 06:27:12| 91   9   0   0   0|  48k  240k|2597M  181M  154M 4489M|  7    2    0    0    0 | 887k  886k
17-06 06:27:13| 92   8   0   0   0|  44k  164k|2594M  184M  154M 4489M|  7    2    0    0    0 | 896k  898k
17-06 06:27:14| 89  11   0   0   0|4096B  264k|2622M  156M  154M 4490M|  7    2    0    0    0 |1020k 1019k
17-06 06:27:15| 96   4   0   0   0| 352k    0 |2339M  446M  153M 4483M|  7    2    0    0    0 |  15k   24k
17-06 06:27:16| 91   9   0   0   0| 164k  164k|2333M  451M  153M 4483M|  7    2    0    0    0 |3373B   15k
17-06 06:27:17| 91   9   0   0   0| 112k  264k|2449M  335M  153M 4483M|  7    2    0    0    0 |2342B   17k
17-06 06:27:18| 92   8   0   0   0|  96k  164k|2461M  323M  153M 4483M|  7    2    0    0    0 |3437B   23k
17-06 06:27:19| 93   7   0   0   0|   0   164k|2449M  335M  153M 4484M|  7    2    0    0    0 |  41k   52k
17-06 06:27:20| 96   4   0   0   0|   0   168k|2293M  491M  153M 4484M|  7    2    0    0    0 |5912B   15k
17-06 06:27:21| 92   8   0   0   0|   0     0 |2133M  651M  153M 4484M|  7    2    0    0    0 |8742B   16k
17-06 06:27:22| 94   6   0   0   0|  16k  260k|2261M  523M  153M 4484M|  7    2    0    0    0 |  10k   42k
17-06 06:27:23| 90  10   0   0   0|  16k  164k|2259M  525M  153M 4484M|  7    2    0    0    0 |  16k   68k
17-06 06:27:24| 94   6   0   0   0|   0   164k|2251M  533M  153M 4484M|  7    2    0    0    0 |3496B   28k
17-06 06:27:25| 94   6   0   0   0|  48k  164k|2253M  531M  153M 4484M|  7    2    0    0    0 |5033B   23k
17-06 06:27:26| 94   6   0   0   0|  32k  168k|2253M  531M  153M 4484M|  7    2    0    0    0 |9127B   18k
17-06 06:27:27| 94   6   0   0   0| 188k  240k|2131M  653M  153M 4484M|  7    2    0    0    0 |7693B   23k
17-06 06:27:28| 93   7   0   0   0|  68k    0 |2131M  652M  153M 4484M|  7    2    0    0    0 | 488k  506k
17-06 06:27:29| 95   5   0   0   0| 156k    0 |2131M  652M  153M 4485M|  7    2    0    0    0 | 122k  141k
17-06 06:27:30| 92   8   0   0   0|  32k    0 |2131M  652M  153M 4485M|  7    2    0    0    0 |  18k   39k
17-06 06:27:31| 94   6   0   0   0| 484k    0 |2130M  652M  153M 4485M|  7    2    0    0    0 |  26k   50k
