----system---- --total-cpu-usage-- -dsk/total- ------memory-usage----- ------tcp-sockets------- -net/total-
     time     |usr sys idl wai stl| read  writ| used  free  buff  cach|lis  act  syn  tim  clo | recv  send
17-06 08:43:29|  6   1  93   1   0|  99k  436k|1763M  858M  218M 4573M|  7    4    0    6    0 |   0     0 
17-06 08:43:30|  5   4  78  14   0|   0  1600k|1770M  851M  218M 4573M|  7    7    0    6    0 |  15k   15k
17-06 08:43:31|  3   2  61  35   0|   0  2500k|1767M  854M  218M 4573M|  7    6    0    6    0 |  12k   15k
17-06 08:43:32| 30  14  18  38   0|9552k 2332k|1874M  737M  218M 4582M|  7    6    0    6    0 |3798B 8772B
17-06 08:43:33| 62  12  27   0   0|1308k    0 |2055M  555M  218M 4584M|  7    6    0    6    0 | 377k  389k
17-06 08:43:34| 88   7   5   0   0|  20k  464k|2071M  539M  218M 4584M|  7    6    0    6    0 |1384k 1387k
17-06 08:43:35| 85   8   6   0   0|  16k  212k|2077M  533M  218M 4584M|  7    5    0    7    0 |1392k 1398k
17-06 08:43:36| 98   2   0   0   0|   0     0 |1956M  654M  218M 4584M|  7    4    0    8    0 | 464k  478k
17-06 08:43:37| 96   3   1   0   0|   0   164k|1966M  644M  218M 4584M|  7    4    0    8    0 |1366k 1370k
17-06 08:43:38| 75   6  18   1   0|   0   332k|1978M  631M  218M 4584M|  7    4    0    8    0 |2271k 2270k
17-06 08:43:39| 89  11   0   0   0|   0     0 |2139M  471M  218M 4584M|  7    4    0    8    0 | 471k  484k
17-06 08:43:40| 96   4   0   0   0|   0   288k|2014M  595M  218M 4584M|  7    4    0    8    0 |1398k 1402k
17-06 08:43:41| 88  12   0   0   0|   0   348k|2162M  447M  218M 4584M|  7    4    0    8    0 | 498k  515k
17-06 08:43:42| 94   5   1   0   0|  24k  476k|2165M  445M  218M 4584M|  7    4    0    8    0 |1398k 1404k
17-06 08:43:43| 97   3   0   0   0|   0     0 |2041M  568M  218M 4584M|  7    4    0    8    0 | 467k  483k
17-06 08:43:44| 96   4   0   0   0|   0   168k|2185M  423M  218M 4584M|  7    4    0    8    0 |1321k 1332k
17-06 08:43:45| 96   4   0   0   0|   0   164k|2187M  421M  218M 4584M|  7    4    0    8    0 |1265k 1269k
17-06 08:43:46| 82   2  15   0   0|   0   164k|2058M  551M  218M 4584M|  7    4    0    8    0 |1260k 1271k
17-06 08:43:47| 78   6  16   1   0|   0   476k|2065M  543M  218M 4584M|  7    4    0    8    0 |2233k 2230k
17-06 08:43:48| 94   6   0   0   0|  16k  316k|2203M  405M  218M 4584M|  7    4    0    7    0 | 778k  790k
17-06 08:43:49| 96   4   0   0   0|   0   296k|2211M  397M  218M 4584M|  7    4    0    7    0 |1357k 1368k
17-06 08:43:50| 96   4   0   0   0|   0   164k|2091M  518M  218M 4584M|  7    5    0    7    1 |1389k 1390k
17-06 08:43:51| 88  12   0   0   0|  32k  248k|2094M  514M  218M 4584M|  7    4    0    7    0 | 465k  481k
17-06 08:43:52| 97   3   0   0   0|   0   216k|2230M  378M  218M 4584M|  7    4    0    5    0 | 475k  489k
17-06 08:43:53| 96   4   0   0   0|   0   164k|2227M  381M  218M 4584M|  7    4    0    5    0 |1361k 1362k
17-06 08:43:54| 90   5   4   2   0|   0   164k|2226M  382M  218M 4585M|  7    4    0    2    0 |1325k 1334k
17-06 08:43:55| 92   3   4   0   0|   0   164k|2207M  400M  218M 4585M|  7    4    0    2    0 |1373k 1376k
17-06 08:43:56| 96   4   0   0   0|   0   164k|2200M  407M  218M 4585M|  7    4    0    2    0 |1324k 1331k
17-06 08:43:57| 98   2   0   0   0|   0   132k|2074M  533M  218M 4585M|  7    4    0    2    0 | 467k  482k
17-06 08:43:58| 98   2   0   0   0|   0   164k|2212M  396M  218M 4585M|  7    4    0    2    0 |1354k 1356k
17-06 08:43:59| 96   4   0   0   0|   0   164k|2211M  396M  218M 4585M|  7    4    0    2    0 |1357k 1369k
17-06 08:44:00| 97   3   0   0   0|   0   164k|2203M  404M  218M 4585M|  7    4    0    2    0 |1353k 1359k
17-06 08:44:01| 98   2   0   0   0|   0   164k|2082M  525M  218M 4585M|  7    4    0    2    0 |1358k 1362k
17-06 08:44:02| 96   4   0   0   0|   0   584k|2219M  387M  218M 4585M|  7    4    0    2    0 | 500k  510k
17-06 08:44:03| 78   6  12   3   0|  16k 1120k|2208M  399M  218M 4585M|  7    4    0    2    0 |1870k 1871k
17-06 08:44:04| 90   6   4   0   0|   0   164k|2213M  394M  218M 4585M|  7    4    0    2    0 | 869k  881k
17-06 08:44:05| 85   7   7   0   0|   0   164k|2087M  520M  218M 4585M|  7    4    0    2    0 | 933k  932k
17-06 08:44:06| 65  14  21   0   0|   0     0 |2233M  374M  218M 4585M|  7    4    0    2    0 |  18k   29k
17-06 08:44:07| 94   2   4   0   0|   0   332k|2235M  372M  218M 4585M|  7    4    0    2    0 | 896k  904k
17-06 08:44:08| 82   6  11   0   0|   0   696k|2214M  393M  218M 4585M|  7    4    0    2    0 |1764k 1759k
17-06 08:44:09| 80   2  17   1   0|   0   168k|2226M  381M  218M 4585M|  7    4    0    2    0 | 860k  869k
17-06 08:44:10| 86   4  10   0   0|   0   164k|2090M  517M  218M 4585M|  7    4    0    2    0 | 904k  910k
17-06 08:44:11| 86   6   8   1   0|  20k  584k|2091M  516M  218M 4585M|  7    4    0    2    0 |2062k 2055k
17-06 08:44:12| 88  12   0   0   0|   0   508k|2100M  506M  218M 4585M|  7    4    0    2    0 |  18k   30k
17-06 08:44:13| 94   6   0   0   0| 108k   96k|2234M  372M  218M 4585M|  7    4    0    2    0 |  33k   53k
17-06 08:44:14| 96   4   0   0   0|   0   448k|2235M  372M  218M 4585M|  7    4    0    2    0 | 909k  923k
17-06 08:44:15| 94   6   0   0   0|   0   284k|2217M  389M  218M 4585M|  7    4    0    2    0 | 862k  868k
17-06 08:44:16| 90   2   8   0   0|   0   164k|2223M  383M  218M 4585M|  7    4    0    2    0 | 897k  901k
17-06 08:44:17| 81   1  18   0   0|   0   164k|2233M  373M  218M 4585M|  7    4    0    2    0 | 856k  858k
17-06 08:44:18| 92   4   4   0   0|  16k  616k|2240M  366M  218M 4585M|  7    4    0    2    0 | 870k  872k
17-06 08:44:19| 77   4  18   2   0|   0  1620k|2227M  378M  218M 4586M|  7    4    0    2    0 |1747k 1742k
17-06 08:44:20| 88   5   6   0   0|   0   164k|2231M  375M  218M 4586M|  7    4    0    2    0 | 905k  912k
17-06 08:44:21| 90   3   6   0   0|   0   168k|2244M  361M  218M 4586M|  7    4    0    2    0 | 901k  915k
17-06 08:44:22| 82   6  11   1   0|   0   328k|2231M  375M  218M 4586M|  7    4    0    2    0 |1765k 1769k
17-06 08:44:23| 84   9   7   0   0|   0   372k|2110M  496M  218M 4585M|  7    4    0    2    0 |1411k 1437k
17-06 08:44:24| 96   4   0   0   0| 124k  348k|2251M  354M  218M 4586M|  7    4    0    2    0 | 447k  484k
17-06 08:44:25| 96   4   0   0   0|   0   272k|2255M  351M  218M 4586M|  7    4    0    2    0 |1238k 1265k
17-06 08:44:26| 96   4   0   0   0|   0   164k|2248M  357M  218M 4586M|  7    4    0    2    0 |1218k 1274k
17-06 08:44:27| 96   4   0   0   0|   0   168k|2255M  351M  218M 4586M|  7    4    0    2    0 |1185k 1224k
17-06 08:44:28| 98   2   0   0   0|   0     0 |2133M  471M  218M 4586M|  7    4    0    2    0 | 405k  444k
17-06 08:44:29| 96   4   0   0   0|   0   164k|2274M  331M  218M 4587M|  7    4    0    2    0 |1261k 1304k
17-06 08:44:30| 93   7   0   0   0|   0   292k|2260M  345M  218M 4587M|  7    4    0    2    0 | 934k  996k
17-06 08:44:31| 96   4   0   0   0|   0   164k|2139M  465M  218M 4587M|  7    4    0    2    0 | 924k  984k
17-06 08:44:32| 97   3   0   0   0|   0     0 |2136M  468M  218M 4587M|  7    4    0    2    0 |  18k   48k
17-06 08:44:33| 97   3   0   0   0|   0  1000k|2275M  329M  218M 4587M|  7    4    0    2    0 | 925k  952k
17-06 08:44:34| 96   4   0   0   0|   0   164k|2276M  328M  218M 4587M|  7    4    0    2    0 | 909k  928k
17-06 08:44:35| 96   4   0   0   0|   0   308k|2269M  335M  218M 4587M|  7    4    0    2    0 |  85k  121k
17-06 08:44:36| 95   5   0   0   0|   0   164k|2267M  337M  218M 4588M|  7    4    0    2    0 |  38k   76k
17-06 08:44:37| 96   4   0   0   0|   0   164k|2276M  327M  218M 4588M|  7    4    0    0    0 |  43k   79k
17-06 08:44:38| 95   5   0   0   0|   0  2096k|2272M  332M  218M 4588M|  7    4    0    0    0 |  43k   85k
17-06 08:44:39| 95   5   0   0   0|   0  4096B|2149M  454M  218M 4588M|  7    4    0    0    0 |  52k  113k
17-06 08:44:40| 96   4   0   0   0|   0   240k|2285M  318M  218M 4588M|  7    4    0    0    0 |  53k  115k
17-06 08:44:41| 90  10   0   0   0|   0   164k|2279M  324M  218M 4588M|  7    4    0    0    0 |  60k  133k
17-06 08:44:42| 79   3  18   0   0|   0   164k|2141M  462M  218M 4589M|  7    4    0    0    0 |  39k   95k
17-06 08:44:43| 62  15  23   0   0|   0   172k|2290M  313M  218M 4589M|  7    4    0    0    0 |  55k  127k
17-06 08:44:44| 74   6  19   0   0|   0   328k|2150M  452M  218M 4589M|  7    4    0    0    0 |  56k  125k
17-06 08:44:45| 84   7   8   0   0|   0   240k|2263M  340M  218M 4589M|  7    4    0    0    0 |  42k  108k
17-06 08:44:46| 91   4   5   0   0|  16k  324k|2255M  348M  218M 4589M|  7    4    0    0    0 | 195k  248k
17-06 08:44:47| 97   2   0   0   0|   0   900k|2258M  345M  218M 4590M|  7    4    0    0    0 |  22k   55k
17-06 08:44:48| 98   2   0   0   0|   0   184k|2131M  472M  218M 4590M|  7    4    0    0    0 |  21k   54k
17-06 08:44:49| 94   6   0   0   0|   0   164k|2271M  331M  218M 4590M|  7    4    0    0    0 |  22k   96k
17-06 08:44:50| 94   6   0   0   0|  52k  324k|2264M  338M  218M 4590M|  7    4    0    0    0 |  76k  160k
17-06 08:44:51| 94   6   0   0   0|   0  1288k|2257M  345M  218M 4590M|  7    4    0    0    0 |  25k  112k
17-06 08:44:52| 96   3   0   0   0|   0     0 |2134M  467M  218M 4591M|  7    4    0    0    0 |  21k  103k
17-06 08:44:53| 95   5   0   0   0|   0   164k|2134M  468M  218M 4591M|  7    4    0    0    0 |  16k   43k
17-06 08:44:54| 98   2   0   0   0|   0   164k|2280M  322M  218M 4591M|  7    4    0    0    0 |5113B   13k
17-06 08:44:55| 97   3   0   0   0|   0   164k|2273M  328M  218M 4591M|  7    4    0    0    0 |  22k   33k
17-06 08:44:56| 92   4   4   0   0|   0   232k|2269M  333M  218M 4591M|  7    4    0    0    0 |  23k   31k
17-06 08:44:57| 97   3   0   0   0|   0   168k|2264M  338M  218M 4591M|  7    4    0    0    0 |  37k   49k
17-06 08:44:58| 92   4   4   1   0|   0   164k|2257M  345M  218M 4591M|  7    4    0    0    0 |  75k   89k
17-06 08:44:59| 96   4   0   0   0|   0   164k|2257M  344M  218M 4591M|  7    4    0    0    0 |  19k   27k
17-06 08:45:00| 98   2   0   0   0|   0   292k|2244M  358M  218M 4591M|  7    4    0    0    0 |3620B   12k
17-06 08:45:01| 99   1   0   0   0|   0   504k|2118M  484M  218M 4591M|  7    4    0    0    0 |9284B   28k
17-06 08:45:02| 97   3   0   0   0|   0     0 |2254M  348M  218M 4591M|  7    4    0    0    0 | 787B 8173B
17-06 08:45:03| 98   2   0   0   0|   0   168k|2248M  354M  218M 4591M|  7    4    0    0    0 |  15k   27k
17-06 08:45:04| 96   4   0   0   0|   0  1392k|2245M  357M  218M 4591M|  7    4    0    0    0 |8706B   18k
17-06 08:45:05| 97   3   0   0   0|   0   164k|2244M  358M  218M 4591M|  7    4    0    0    0 |  36k   44k
17-06 08:45:06| 93   3   4   0   0|   0   240k|2244M  358M  218M 4591M|  7    4    0    0    0 |  14k   23k
17-06 08:45:07| 88   4   7   0   0|   0   164k|2118M  483M  218M 4591M|  7    4    0    0    0 |3671B   13k
17-06 08:45:08| 88   5   7   0   0|   0   328k|2244M  358M  218M 4591M|  7    4    0    0    0 |3768B   12k
17-06 08:45:09| 89   5   6   0   0|   0  2232k|2246M  355M  218M 4591M|  7    4    0    0    0 |  10k   27k
17-06 08:45:10| 89   4   7   1   0|   0   164k|2253M  349M  218M 4591M|  7    4    0    0    0 |7709B   27k
17-06 08:45:11| 77   3  19   1   0|   0   412k|2240M  362M  218M 4591M|  7    4    0    0    0 |6576B   18k
17-06 08:45:12| 92   4   4   0   0|   0   164k|2245M  356M  218M 4591M|  7    4    0    0    0 |7770B   22k
17-06 08:45:13| 90   6   4   1   0|   0   164k|2250M  352M  218M 4591M|  7    4    0    0    0 |  32k   91k
17-06 08:45:14| 80   5  15   0   0|   0   168k|2114M  487M  218M 4591M|  7    4    0    0    0 |  22k   85k
17-06 08:45:15| 64   7  28   1   0|   0   332k|2236M  365M  218M 4592M|  7    4    0    0    0 |  28k   76k
17-06 08:45:16| 82   2  16   0   0|   0   236k|2254M  347M  218M 4592M|  7    4    0    0    0 |  19k   65k
17-06 08:45:17| 72   6  22   1   0|   0   328k|2245M  356M  218M 4592M|  7    4    0    0    0 |  20k   78k
17-06 08:45:18| 77   4  20   0   0|   0   164k|2252M  349M  218M 4592M|  7    4    0    0    0 |  17k   55k
17-06 08:45:19| 78   3  19   1   0|   0   164k|2117M  483M  218M 4592M|  7    4    0    0    0 |  19k   71k
17-06 08:45:20| 71   4  22   4   0|   0   868k|2249M  352M  218M 4592M|  7    4    0    0    0 |8998B   39k
