----system---- --total-cpu-usage-- -dsk/total- ------memory-usage----- ------tcp-sockets------- -net/total-
     time     |usr sys idl wai stl| read  writ| used  free  buff  cach|lis  act  syn  tim  clo | recv  send
17-06 10:02:46|  6   1  92   1   0| 156k  460k|1926M  484M  116M 5008M|  7    5    0    0    0 |   0     0 
17-06 10:02:47|  4   2  89   5   0| 128k 1056k|1930M  480M  116M 5009M|  7    9    0    0    0 |  31k   19k
17-06 10:02:48|  2   2  55  42   0|   0  3092k|1931M  479M  116M 5009M|  7    7    0    0    0 |  12k   19k
17-06 10:02:49| 40  14  16  30   0|3212k 1960k|2068M  338M  116M 5012M|  7    7    0    0    0 | 132B 5518B
17-06 10:02:50| 57   3  39   0   0|   0  8192B|2105M  302M  116M 5012M|  7    7    0    0    0 | 349k  364k
17-06 10:02:51| 69   8  20   2   0|   0   676k|2229M  178M  116M 5012M|  7    7    0    0    0 |2261k 2264k
17-06 10:02:52| 78   6  14   2   0|  12k  376k|2246M  161M  116M 5012M|  7    7    0    0    0 |1400k 1404k
17-06 10:02:53| 81   5  14   0   0|   0   168k|2113M  294M  116M 5012M|  7    5    0    2    0 |1362k 1371k
17-06 10:02:54| 69   8  22   1   0|   0   424k|2116M  291M  116M 5012M|  7    5    0    2    0 |1446k 1454k
17-06 10:02:55| 68   7  22   3   0|   0   616k|2233M  176M  116M 5010M|  7    5    0    2    0 |2219k 2214k
17-06 10:02:56| 82   4  12   1   0|   0   356k|2254M  155M  116M 5010M|  7    5    0    2    0 |1266k 1276k
17-06 10:02:57| 73   6  20   2   0|   0   600k|2130M  278M  116M 5010M|  7    5    0    2    0 |2190k 2185k
17-06 10:02:58| 64   8  14  14   0|   0     0 |2158M  257M  116M 5003M|  7    5    0    2    0 | 513k  526k
17-06 10:02:59|  7   1  46  46   0|   0     0 |2163M  252M  116M 5003M|  7    5    0    2    0 | 464k  475k
17-06 10:03:00| 23   5  41  31   0|   0   408k|2267M  151M  116M 5001M|  7    5    0    2    0 |1494k 1498k
17-06 10:03:01| 79   6  14   1   0|  92k  328k|2283M  144M  116M 4992M|  7    5    0    2    0 |1334k 1343k
17-06 10:03:02| 71   7  20   2   0|   0   556k|2273M  163M  116M 4983M|  7    5    0    2    0 |2179k 2178k
17-06 10:03:03| 76   4  19   1   0|   0   236k|2287M  164M  116M 4967M|  7    5    0    2    0 |1330k 1339k
17-06 10:03:04| 80   6  12   2   0|  48k  380k|2178M  281M  116M 4959M|  7    5    0    2    0 |1322k 1335k
17-06 10:03:05| 68   8  23   1   0| 124k  472k|2308M  152M  116M 4958M|  7    5    0    2    0 |2216k 2216k
17-06 10:03:06| 80   4  14   2   0|   0   376k|2315M  145M  116M 4958M|  7    5    0    2    0 |1337k 1344k
17-06 10:03:07| 78   7  14   2   0| 412k  472k|2193M  271M  116M 4954M|  7    5    0    2    0 |2177k 2177k
17-06 10:03:08| 60  12  27   1   0| 140k  180k|2326M  146M  116M 4946M|  7    5    0    2    0 | 598k  614k
17-06 10:03:09| 49  18  31   1   0|   0   416k|2224M  249M  116M 4946M|  7    5    0    2    0 |1725k 1726k
17-06 10:03:10| 58  15  28   0   0|   0    96k|2333M  147M  116M 4938M|  7    5    0    2    0 | 502k  517k
17-06 10:03:11| 72   7  20   0   0|  12k  356k|2214M  274M  116M 4931M|  7    5    0    2    0 |2233k 2245k
17-06 10:03:12| 71   5  22   1   0|   0   676k|2345M  143M  116M 4930M|  7    5    0    2    0 |1326k 1332k
17-06 10:03:13| 68  12  20   0   0|   0   360k|2338M  151M  116M 4929M|  7    5    0    2    0 |1426k 1437k
17-06 10:03:14| 79   6  15   0   0|   0   312k|2218M  277M  116M 4923M|  7    5    0    2    0 |1327k 1338k
17-06 10:03:15| 67  10  23   1   0|   0   376k|2338M  161M  116M 4919M|  7    5    0    2    0 |2212k 2215k
17-06 10:03:16| 79   6  14   1   0|   0   296k|2343M  156M  116M 4919M|  7    5    0    2    0 |1290k 1304k
17-06 10:03:17| 72   7  20   1   0|   0   332k|2326M  172M  116M 4919M|  7    5    0    2    0 |2132k 2134k
17-06 10:03:18| 74   4  22   0   0|   0   164k|2337M  161M  116M 4920M|  7    5    0    2    0 |1325k 1334k
17-06 10:03:19| 81   5  14   0   0|   0   936k|2249M  249M  116M 4920M|  7    5    0    2    0 |1365k 1372k
17-06 10:03:20| 61  10  28   0   0|   0   916k|2268M  230M  116M 4919M|  7    5    0    2    0 |1937k 1938k
17-06 10:03:21| 68   6  26   1   0|   0   372k|2346M  152M  116M 4919M|  7    5    0    2    0 | 872k  877k
17-06 10:03:22| 53  16  31   1   0|   0   292k|2254M  245M  116M 4919M|  7    5    0    2    0 |1393k 1391k
17-06 10:03:23| 42  17  40   1   0|   0   156k|2353M  153M  116M 4912M|  7    5    0    2    0 | 103k  121k
17-06 10:03:24| 77   7  14   2   0|   0   328k|2247M  265M  116M 4906M|  7    5    0    2    0 | 896k  901k
17-06 10:03:25| 62   8  28   2   0|   0  1428k|2345M  166M  116M 4906M|  7    5    0    2    0 |1766k 1763k
17-06 10:03:26| 80   5  14   1   0|   0   428k|2358M  153M  116M 4906M|  7    5    0    2    0 | 900k  903k
17-06 10:03:27| 67   7  23   2   0| 276k  520k|2348M  170M  116M 4899M|  7    5    0    2    0 |1784k 1778k
17-06 10:03:28| 72   6  22   0   0|4096B  268k|2355M  164M  116M 4898M|  7    5    0    2    0 | 860k  866k
17-06 10:03:29| 77   5  18   0   0|  16k  168k|2263M  264M  116M 4891M|  7    5    0    2    0 | 876k  883k
17-06 10:03:30| 64   7  27   1   0|   0   468k|2362M  164M  116M 4891M|  7    5    0    2    0 |1756k 1752k
17-06 10:03:31| 79   4  16   1   0|   0   272k|2374M  153M  116M 4891M|  7    5    0    2    0 | 857k  867k
17-06 10:03:32| 65   6  28   1   0|   0   376k|2358M  169M  116M 4891M|  7    5    0    2    0 |1727k 1726k
17-06 10:03:33| 77   5  18   0   0|   0   164k|2367M  163M  116M 4888M|  7    5    0    2    0 | 862k  873k
17-06 10:03:34| 69   7  24   1   0|   0   328k|2278M  255M  116M 4885M|  7    5    0    2    0 |1733k 1731k
17-06 10:03:35| 65   8  25   1   0|   0   304k|2343M  190M  116M 4884M|  7    5    0    2    0 |1368k 1376k
17-06 10:03:36| 79   4  16   1   0|   0   312k|2355M  179M  116M 4884M|  7    5    0    2    0 | 823k  830k
17-06 10:03:37| 63   6  30   1   0|   0   376k|2352M  181M  116M 4884M|  7    5    0    2    0 |1720k 1714k
17-06 10:03:38| 78   5  16   1   0|   0   288k|2357M  177M  116M 4884M|  7    5    0    2    0 | 923k  925k
17-06 10:03:39| 62   8  28   2   0|   0   600k|2347M  186M  116M 4884M|  7    5    0    2    0 |1675k 1675k
17-06 10:03:40| 78   6  16   0   0|   0   320k|2356M  177M  116M 4884M|  7    5    0    2    0 |1124k 1156k
17-06 10:03:41| 68   8  23   1   0|   0   564k|2248M  285M  116M 4885M|  7    5    0    2    0 |2118k 2136k
17-06 10:03:42| 64  13  22   1   0|   0   392k|2354M  178M  116M 4885M|  7    5    0    2    0 |1258k 1283k
17-06 10:03:43| 74   5  19   1   0|   0   268k|2358M  174M  116M 4885M|  7    5    0    2    0 |1182k 1226k
17-06 10:03:44| 82   4  14   0   0|   0   164k|2372M  160M  116M 4885M|  7    5    0    2    0 |1207k 1239k
17-06 10:03:45| 64   9  26   1   0|   0   332k|2367M  165M  116M 4886M|  7    5    0    2    0 |2047k 2083k
17-06 10:03:46| 73   5  22   0   0|   0   164k|2366M  166M  116M 4886M|  7    5    0    2    0 |1124k 1174k
17-06 10:03:47| 76   5  19   0   0|   0   168k|2247M  284M  116M 4886M|  7    5    0    2    0 | 878k  923k
17-06 10:03:48| 64   8  25   2   0|   0   484k|2376M  155M  116M 4886M|  7    5    0    2    0 |1715k 1731k
17-06 10:03:49| 76   5  19   0   0|   0   164k|2241M  290M  116M 4886M|  7    5    0    2    0 | 810k  839k
17-06 10:03:50| 68   8  21   2   0|   0  1596k|2362M  169M  116M 4886M|  7    5    0    2    0 |2161k 2187k
17-06 10:03:51| 81   4  15   0   0|   0   164k|2369M  162M  116M 4886M|  7    5    0    2    0 | 905k  924k
17-06 10:03:52| 67   7  26   1   0|   0   328k|2361M  170M  116M 4886M|  7    5    0    2    0 |1801k 1833k
17-06 10:03:53| 63  10  26   0   0|   0   348k|2252M  279M  116M 4886M|  7    5    0    2    0 |1457k 1484k
17-06 10:03:54| 67   6  26   2   0|   0   472k|2374M  158M  116M 4886M|  7    5    0    0    0 | 913k  939k
17-06 10:03:55| 76   4  18   2   0|   0  2276k|2249M  282M  116M 4886M|  7    5    0    0    0 | 842k  865k
17-06 10:03:56| 63   8  28   1   0|   0   552k|2373M  158M  116M 4886M|  7    5    0    0    0 |1705k 1734k
17-06 10:03:57| 75   6  17   1   0|   0   420k|2388M  142M  116M 4887M|  7    5    0    0    0 | 919k  958k
17-06 10:03:58| 62   9  28   2   0|   0   600k|2375M  156M  116M 4887M|  7    5    0    0    0 | 928k  981k
17-06 10:03:59| 74   9  16   0   0|   0   312k|2390M  144M  116M 4883M|  7    5    0    0    0 |  58k  138k
17-06 10:04:00| 66   8  24   2   0|   0   592k|2379M  155M  116M 4883M|  7    5    0    0    0 |  69k  123k
17-06 10:04:01| 70   7  22   0   0|   0   268k|2385M  148M  116M 4884M|  7    5    0    0    0 |  39k   93k
17-06 10:04:02| 71   8  21   0   0|   0   396k|2335M  199M  116M 4883M|  7    5    0    0    0 |  55k  117k
17-06 10:04:03| 70   8  20   2   0| 124k  164k|2379M  155M  116M 4883M|  7    5    0    0    0 |  53k   99k
17-06 10:04:04| 72   8  19   0   0|   0   164k|2251M  284M  116M 4883M|  7    5    0    0    0 |  38k  107k
17-06 10:04:05| 66   7  26   0   0|   0   332k|2373M  161M  116M 4883M|  7    5    0    0    0 |  64k  128k
17-06 10:04:06| 76   6  17   1   0|   0   316k|2254M  280M  116M 4883M|  7    5    0    0    0 |  40k   97k
17-06 10:04:07| 63   9  27   1   0|   0   544k|2374M  167M  116M 4876M|  7    5    0    0    0 | 139k  194k
17-06 10:04:08| 78   5  16   1   0|   0   308k|2384M  157M  116M 4876M|  7    5    0    0    0 |  39k   91k
17-06 10:04:09| 62   8  29   1   0|   0   516k|2372M  169M  116M 4876M|  7    5    0    0    0 |  65k  129k
17-06 10:04:10| 78   5  15   1   0|   0   276k|2388M  153M  116M 4877M|  7    5    0    0    0 |  35k   71k
17-06 10:04:11| 63   6  28   2   0|   0   540k|2374M  167M  116M 4877M|  7    5    0    0    0 |  52k   70k
17-06 10:04:12| 78   6  15   2   0|   0   308k|2394M  148M  116M 4877M|  7    5    0    0    0 | 135k  176k
17-06 10:04:13| 64   7  27   2   0|   0   528k|2386M  156M  116M 4877M|  7    5    0    0    0 |6801B   30k
17-06 10:04:14| 76   4  18   2   0|   0   292k|2387M  154M  116M 4877M|  7    5    0    0    0 |9481B   26k
17-06 10:04:15| 63   8  28   1   0|   0   456k|2376M  165M  116M 4877M|  7    5    0    0    0 |  33k   49k
17-06 10:04:16| 79   3  17   1   0|   0   304k|2383M  158M  116M 4877M|  7    5    0    0    0 |  28k   49k
17-06 10:04:17| 63   8  28   1   0|   0   516k|2366M  175M  116M 4877M|  7    5    0    0    0 |  32k   55k
17-06 10:04:18| 77   5  16   1   0|   0   296k|2387M  155M  116M 4877M|  7    5    0    0    0 |  17k   25k
17-06 10:04:19| 62   8  29   1   0|   0   468k|2379M  166M  116M 4873M|  7    5    0    0    0 |  58k   79k
17-06 10:04:20| 77   6  17   0   0|   0   232k|2259M  286M  116M 4873M|  7    5    0    0    0 |  14k   32k
17-06 10:04:21| 63   6  31   1   0|   0  1508k|2390M  155M  116M 4873M|  7    5    0    0    0 |8602B   19k
17-06 10:04:22| 77   6  17   0   0|   0   164k|2260M  285M  116M 4873M|  7    5    0    0    0 |5294B   20k
17-06 10:04:23| 63   7  30   0   0|   0   332k|2395M  150M  116M 4873M|  7    5    0    0    0 |9717B   31k
17-06 10:04:24| 77   4  18   0   0|   0   164k|2266M  278M  116M 4873M|  7    5    0    0    0 |7670B   20k
17-06 10:04:25| 63   8  28   2   0|   0   400k|2385M  160M  116M 4873M|  7    5    0    0    0 |  22k   59k
17-06 10:04:26| 76   6  15   3   0|   0  2768k|2259M  286M  116M 4873M|  7    5    0    0    0 | 163k  179k
17-06 10:04:27| 64   6  28   2   0|   0   488k|2390M  154M  116M 4873M|  7    5    0    0    0 |9742B   28k
17-06 10:04:28| 77   7  16   1   0|   0   288k|2261M  284M  116M 4874M|  7    5    0    0    0 |9067B   27k
17-06 10:04:29| 62   8  28   1   0|   0   464k|2365M  179M  116M 4874M|  7    5    0    0    0 |  17k   35k
17-06 10:04:30| 77   5  17   0   0|   0   244k|2255M  290M  116M 4874M|  7    5    0    0    0 |  12k   40k
17-06 10:04:31| 64   8  27   0   0|   0   332k|2366M  179M  116M 4874M|  7    5    0    0    0 |  30k   85k
17-06 10:04:32| 76   6  18   1   0|   0   164k|2254M  290M  116M 4874M|  7    5    0    0    0 |  21k   62k
17-06 10:04:33| 61   9  30   1   0|   0   328k|2382M  163M  116M 4874M|  7    5    0    0    0 |  24k   72k
17-06 10:04:34| 77   6  17   1   0|   0   164k|2259M  285M  116M 4874M|  7    5    0    0    0 |  19k   58k
17-06 10:04:35| 62   7  28   3   0|   0   560k|2387M  158M  116M 4874M|  7    5    0    0    0 |  23k   71k
17-06 10:04:36| 79   6  15   1   0| 144k  304k|2257M  287M  116M 4875M|  7    5    0    0    0 |  16k   57k
17-06 10:04:37| 62   6  32   2   0|   0   516k|2383M  161M  116M 4875M|  7    5    0    0    0 |  11k   16k
